{"numTotalTestSuites":341,"numPassedTestSuites":337,"numFailedTestSuites":4,"numPendingTestSuites":0,"numTotalTests":639,"numPassedTests":637,"numFailedTests":2,"numPendingTests":0,"numTodoTests":0,"snapshot":{"added":0,"failure":false,"filesAdded":0,"filesRemoved":0,"filesRemovedList":[],"filesUnmatched":0,"filesUpdated":0,"matched":0,"total":0,"unchecked":0,"uncheckedKeysByFile":[],"unmatched":0,"updated":0,"didUpdate":false},"startTime":1789016357513,"success":false,"testResults":[{"assertionResults":[{"ancestorTitles":["Ruta /catalog-items — navegación desde el sidebar"],"fullName":"Ruta /catalog-items — navegación desde el sidebar el enlace del sidebar navega a la pantalla de elementos de catálogo","status":"passed","title":"el enlace del sidebar navega a la pantalla de elementos de catálogo","duration":277.00779999999986,"failureMessages":[],"meta":{},"tags":[]},{"ancestorTitles":["Ruta /catalog-items — autorización"],"fullName":"Ruta /catalog-items — autorización con rol ANALYTICS la entrada del menú no aparece","status":"passed","title":"con rol ANALYTICS la entrada del menú no aparece","duration":39.95049999999992,"failureMessages":[],"meta":{},"tags":[]},{"ancestorTitles":["Ruta /catalog-items — autorización"],"fullName":"Ruta /catalog-items — autorización con rol ANALYTICS, entrar por URL redirige a / sin pantalla en blanco","status":"passed","title":"con rol ANALYTICS, entrar por URL redirige a / sin pantalla en blanco","duration":59.11140000000023,"failureMessages":[],"meta":{},"tags":[]}],"startTime":1789046452662,"endTime":1789046453038.1113,"status":"passed","message":"","name":"C:/Users/die_g/Documents/Projects/esavi-app/esavi-frontend/src/app/router.catalogItem.test.tsx"},{"assertionResults":[{"ancestorTitles":["Ruta /catalog-types — navegación desde el sidebar"],"fullName":"Ruta /catalog-types — navegación desde el sidebar el enlace del sidebar navega a la pantalla de tipos de catálogo","status":"passed","title":"el enlace del sidebar navega a la pantalla de tipos de catálogo","duration":289.8920000000003,"failureMessages":[],"meta":{},"tags":[]},{"ancestorTitles":["Ruta /catalog-types — autorización"],"fullName":"Ruta /catalog-types — autorización con rol ANALYTICS la entrada del menú no aparece","status":"passed","title":"con rol ANALYTICS la entrada del menú no aparece","duration":44.44489999999996,"failureMessages":[],"meta":{},"tags":[]},{"ancestorTitles":["Ruta /catalog-types — autorización"],"fullName":"Ruta /catalog-types — autorización con rol ANALYTICS, entrar por URL redirige a / sin pantalla en blanco","status":"passed","title":"con rol ANALYTICS, entrar por URL redirige a / sin pantalla en blanco","duration":61.95960000000014,"failureMessages":[],"meta":{},"tags":[]}],"startTime":1789046394287,"endTime":1789046394683.9597,"status":"passed","message":"","name":"C:/Users/die_g/Documents/Projects/esavi-app/esavi-frontend/src/app/router.catalogType.test.tsx"},{"assertionResults":[{"ancestorTitles":["Rutas /esavi-cases/new y /esavi-cases/:id/wizard/:step — sin sesión"],"fullName":"Rutas /esavi-cases/new y /esavi-cases/:id/wizard/:step — sin sesión /esavi-cases/new sin sesión redirige a /login","status":"passed","title":"/esavi-cases/new sin sesión redirige a /login","duration":25.03570000000036,"failureMessages":[],"meta":{},"tags":[]},{"ancestorTitles":["Rutas /esavi-cases/new y /esavi-cases/:id/wizard/:step — sin sesión"],"fullName":"Rutas /esavi-cases/new y /esavi-cases/:id/wizard/:step — sin sesión /esavi-cases/:id/wizard/classification sin sesión redirige a /login","status":"passed","title":"/esavi-cases/:id/wizard/classification sin sesión redirige a /login","duration":14.596099999999751,"failureMessages":[],"meta":{},"tags":[]},{"ancestorTitles":["Rutas /esavi-cases/new y /esavi-cases/:id/wizard/:step — con USER autenticado"],"fullName":"Rutas /esavi-cases/new y /esavi-cases/:id/wizard/:step — con USER autenticado /esavi-cases/new resuelve el paso 1 sin :step","status":"passed","title":"/esavi-cases/new resuelve el paso 1 sin :step","duration":98.30580000000009,"failureMessages":[],"meta":{},"tags":[]},{"ancestorTitles":["Rutas /esavi-cases/new y /esavi-cases/:id/wizard/:step — con USER autenticado"],"fullName":"Rutas /esavi-cases/new y /esavi-cases/:id/wizard/:step — con USER autenticado /esavi-cases/:id/wizard/classification resuelve","status":"passed","title":"/esavi-cases/:id/wizard/classification resuelve","duration":122.46820000000025,"failureMessages":[],"meta":{},"tags":[]},{"ancestorTitles":["Rutas /esavi-cases/new y /esavi-cases/:id/wizard/:step — con USER autenticado"],"fullName":"Rutas /esavi-cases/new y /esavi-cases/:id/wizard/:step — con USER autenticado /esavi-cases/new abre PatientStep y no EsaviCaseDetailPage con id=\"new\"","status":"passed","title":"/esavi-cases/new abre PatientStep y no EsaviCaseDetailPage con id=\"new\"","duration":28.792699999999968,"failureMessages":[],"meta":{},"tags":[]},{"ancestorTitles":["Rutas /esavi-cases/new y /esavi-cases/:id/wizard/:step — con USER autenticado"],"fullName":"Rutas /esavi-cases/new y /esavi-cases/:id/wizard/:step — con USER autenticado /esavi-cases/new/case-opening abre CaseOpeningStep","status":"passed","title":"/esavi-cases/new/case-opening abre CaseOpeningStep","duration":68.52150000000029,"failureMessages":[],"meta":{},"tags":[]},{"ancestorTitles":["Rutas /esavi-cases/new y /esavi-cases/:id/wizard/:step — con USER autenticado"],"fullName":"Rutas /esavi-cases/new y /esavi-cases/:id/wizard/:step — con USER autenticado /esavi-cases/new/basura se comporta como patient sin redirigir","status":"passed","title":"/esavi-cases/new/basura se comporta como patient sin redirigir","duration":39.22849999999971,"failureMessages":[],"meta":{},"tags":[]},{"ancestorTitles":["Rutas /esavi-cases/new y /esavi-cases/:id/wizard/:step — con USER autenticado"],"fullName":"Rutas /esavi-cases/new y /esavi-cases/:id/wizard/:step — con USER autenticado /esavi-cases/case-1 abre EsaviCaseDetailPage","status":"passed","title":"/esavi-cases/case-1 abre EsaviCaseDetailPage","duration":44.22960000000012,"failureMessages":[],"meta":{},"tags":[]},{"ancestorTitles":["Rutas /esavi-cases y /esavi-cases/:id — con ANALYTICS autenticado"],"fullName":"Rutas /esavi-cases y /esavi-cases/:id — con ANALYTICS autenticado un ANALYTICS es redirigido a / si teclea /esavi-cases","status":"passed","title":"un ANALYTICS es redirigido a / si teclea /esavi-cases","duration":21.060100000000148,"failureMessages":[],"meta":{},"tags":[]}],"startTime":1789046387174,"endTime":1789046387637.06,"status":"passed","message":"","name":"C:/Users/die_g/Documents/Projects/esavi-app/esavi-frontend/src/app/router.esaviCase.test.tsx"},{"assertionResults":[{"ancestorTitles":["Ruta /geo-locations/import — navegación desde el sidebar"],"fullName":"Ruta /geo-locations/import — navegación desde el sidebar el enlace del sidebar navega a la pantalla de carga masiva","status":"passed","title":"el enlace del sidebar navega a la pantalla de carga masiva","duration":266.4910000000002,"failureMessages":[],"meta":{},"tags":[]},{"ancestorTitles":["Ruta /geo-locations/import — autorización"],"fullName":"Ruta /geo-locations/import — autorización con rol USER la entrada del menú no aparece","status":"passed","title":"con rol USER la entrada del menú no aparece","duration":89.85580000000027,"failureMessages":[],"meta":{},"tags":[]},{"ancestorTitles":["Ruta /geo-locations/import — autorización"],"fullName":"Ruta /geo-locations/import — autorización con rol USER, entrar por URL redirige a / sin pantalla en blanco","status":"passed","title":"con rol USER, entrar por URL redirige a / sin pantalla en blanco","duration":129.00070000000005,"failureMessages":[],"meta":{},"tags":[]},{"ancestorTitles":["Ruta /geo-locations/import — autorización"],"fullName":"Ruta /geo-locations/import — autorización con rol ADMIN, entrar por URL muestra la pantalla","status":"passed","title":"con rol ADMIN, entrar por URL muestra la pantalla","duration":89.17439999999988,"failureMessages":[],"meta":{},"tags":[]}],"startTime":1789046389455,"endTime":1789046390029.1743,"status":"passed","message":"","name":"C:/Users/die_g/Documents/Projects/esavi-app/esavi-frontend/src/app/router.geoBulkImport.test.tsx"},{"assertionResults":[{"ancestorTitles":["Ruta /geo-level-types — navegación desde el sidebar"],"fullName":"Ruta /geo-level-types — navegación desde el sidebar el enlace del sidebar navega a la pantalla de niveles geográficos","status":"passed","title":"el enlace del sidebar navega a la pantalla de niveles geográficos","duration":297.9368000000002,"failureMessages":[],"meta":{},"tags":[]},{"ancestorTitles":["Ruta /geo-level-types — autorización"],"fullName":"Ruta /geo-level-types — autorización con rol ANALYTICS la entrada del menú no aparece","status":"passed","title":"con rol ANALYTICS la entrada del menú no aparece","duration":41.971000000000004,"failureMessages":[],"meta":{},"tags":[]},{"ancestorTitles":["Ruta /geo-level-types — autorización"],"fullName":"Ruta /geo-level-types — autorización con rol ANALYTICS, entrar por URL redirige a / sin pantalla en blanco","status":"passed","title":"con rol ANALYTICS, entrar por URL redirige a / sin pantalla en blanco","duration":61.13200000000006,"failureMessages":[],"meta":{},"tags":[]}],"startTime":1789046416658,"endTime":1789046417059.132,"status":"passed","message":"","name":"C:/Users/die_g/Documents/Projects/esavi-app/esavi-frontend/src/app/router.geoLevelType.test.tsx"},{"assertionResults":[{"ancestorTitles":["Ruta /geo-locations — navegación desde el sidebar"],"fullName":"Ruta /geo-locations — navegación desde el sidebar el enlace del sidebar navega a la pantalla de ubicaciones","status":"passed","title":"el enlace del sidebar navega a la pantalla de ubicaciones","duration":358.6812000000002,"failureMessages":[],"meta":{},"tags":[]},{"ancestorTitles":["Ruta /geo-locations — autorización"],"fullName":"Ruta /geo-locations — autorización con rol ANALYTICS la entrada del menú no aparece","status":"passed","title":"con rol ANALYTICS la entrada del menú no aparece","duration":37.18080000000009,"failureMessages":[],"meta":{},"tags":[]},{"ancestorTitles":["Ruta /geo-locations — autorización"],"fullName":"Ruta /geo-locations — autorización con rol ANALYTICS, entrar por URL redirige a / sin pantalla en blanco","status":"passed","title":"con rol ANALYTICS, entrar por URL redirige a / sin pantalla en blanco","duration":65.93209999999999,"failureMessages":[],"meta":{},"tags":[]}],"startTime":1789046391916,"endTime":1789046392377.9321,"status":"passed","message":"","name":"C:/Users/die_g/Documents/Projects/esavi-app/esavi-frontend/src/app/router.geoLocation.test.tsx"},{"assertionResults":[{"ancestorTitles":["Ruta /health-facilities — navegación desde el sidebar"],"fullName":"Ruta /health-facilities — navegación desde el sidebar el enlace del sidebar navega a la pantalla de unidades de salud","status":"passed","title":"el enlace del sidebar navega a la pantalla de unidades de salud","duration":277.28260000000023,"failureMessages":[],"meta":{},"tags":[]},{"ancestorTitles":["Ruta /health-facilities — autorización"],"fullName":"Ruta /health-facilities — autorización con rol ANALYTICS la entrada del menú no aparece","status":"passed","title":"con rol ANALYTICS la entrada del menú no aparece","duration":46.37339999999995,"failureMessages":[],"meta":{},"tags":[]},{"ancestorTitles":["Ruta /health-facilities — autorización"],"fullName":"Ruta /health-facilities — autorización con rol ANALYTICS, entrar por URL redirige a / sin pantalla en blanco","status":"passed","title":"con rol ANALYTICS, entrar por URL redirige a / sin pantalla en blanco","duration":59.45169999999962,"failureMessages":[],"meta":{},"tags":[]}],"startTime":1789046405887,"endTime":1789046406269.4517,"status":"passed","message":"","name":"C:/Users/die_g/Documents/Projects/esavi-app/esavi-frontend/src/app/router.healthFacility.test.tsx"},{"assertionResults":[{"ancestorTitles":["AppShell — drawer móvil"],"fullName":"AppShell — drawer móvil se cierra al navegar","status":"passed","title":"se cierra al navegar","duration":246.8241999999998,"failureMessages":[],"meta":{},"tags":[]},{"ancestorTitles":["AppShell — drawer móvil"],"fullName":"AppShell — drawer móvil se cierra al presionar Escape","status":"passed","title":"se cierra al presionar Escape","duration":92.74299999999994,"failureMessages":[],"meta":{},"tags":[]}],"startTime":1789046435526,"endTime":1789046435865.743,"status":"passed","message":"","name":"C:/Users/die_g/Documents/Projects/esavi-app/esavi-frontend/src/app/layout/AppShell.test.tsx"},{"assertionResults":[{"ancestorTitles":["AppSidebar — filtro por rol"],"fullName":"AppSidebar — filtro por rol con ANALYTICS no muestra ningún elemento de los grupos deshabilitados","status":"passed","title":"con ANALYTICS no muestra ningún elemento de los grupos deshabilitados","duration":95.28739999999993,"failureMessages":[],"meta":{},"tags":[]},{"ancestorTitles":["AppSidebar — filtro por rol"],"fullName":"AppSidebar — filtro por rol con USER muestra los diecisiete hijos, sin «Usuarios»","status":"passed","title":"con USER muestra los diecisiete hijos, sin «Usuarios»","duration":67.4706000000001,"failureMessages":[],"meta":{},"tags":[]},{"ancestorTitles":["AppSidebar — filtro por rol"],"fullName":"AppSidebar — filtro por rol con ADMIN muestra los diecinueve hijos, incluido «Usuarios»","status":"passed","title":"con ADMIN muestra los diecinueve hijos, incluido «Usuarios»","duration":69.98440000000005,"failureMessages":[],"meta":{},"tags":[]},{"ancestorTitles":["AppSidebar — hijos deshabilitados"],"fullName":"AppSidebar — hijos deshabilitados no navega al hacer click y se anuncia como aria-disabled","status":"passed","title":"no navega al hacer click y se anuncia como aria-disabled","duration":67.03240000000005,"failureMessages":[],"meta":{},"tags":[]},{"ancestorTitles":["AppSidebar — hijos deshabilitados"],"fullName":"AppSidebar — hijos deshabilitados «Registrar» ya no está deshabilitado (SPEC FE08 §3.1)","status":"passed","title":"«Registrar» ya no está deshabilitado (SPEC FE08 §3.1)","duration":64.91170000000011,"failureMessages":[],"meta":{},"tags":[]},{"ancestorTitles":["AppSidebar — hijos deshabilitados"],"fullName":"AppSidebar — hijos deshabilitados «Ver/editar» ya no está deshabilitado (SPEC FE09 §3.1)","status":"passed","title":"«Ver/editar» ya no está deshabilitado (SPEC FE09 §3.1)","duration":68.41210000000001,"failureMessages":[],"meta":{},"tags":[]}],"startTime":1789046409942,"endTime":1789046410375.412,"status":"passed","message":"","name":"C:/Users/die_g/Documents/Projects/esavi-app/esavi-frontend/src/app/layout/AppSidebar.test.tsx"},{"assertionResults":[{"ancestorTitles":["Topbar — logout"],"fullName":"Topbar — logout revoca la sesión, limpia los tokens y navega a /login","status":"passed","title":"revoca la sesión, limpia los tokens y navega a /login","duration":217.0032000000001,"failureMessages":[],"meta":{},"tags":[]},{"ancestorTitles":["Topbar — logout"],"fullName":"Topbar — logout no cierra la sesión si se cancela la confirmación","status":"passed","title":"no cierra la sesión si se cancela la confirmación","duration":130.1658,"failureMessages":[],"meta":{},"tags":[]},{"ancestorTitles":["Topbar — logout"],"fullName":"Topbar — logout limpia la sesión localmente aunque la petición falle","status":"passed","title":"limpia la sesión localmente aunque la petición falle","duration":108.41829999999982,"failureMessages":[],"meta":{},"tags":[]}],"startTime":1789046422680,"endTime":1789046423135.4182,"status":"passed","message":"","name":"C:/Users/die_g/Documents/Projects/esavi-app/esavi-frontend/src/app/layout/Topbar.test.tsx"},{"assertionResults":[{"ancestorTitles":["client — envelope"],"fullName":"client — envelope desenvuelve `data` en una respuesta 2xx","status":"passed","title":"desenvuelve `data` en una respuesta 2xx","duration":25.186099999999897,"failureMessages":[],"meta":{},"tags":[]},{"ancestorTitles":["client — envelope"],"fullName":"client — envelope lanza EsaviApiError con code y status en un error del backend","status":"passed","title":"lanza EsaviApiError con code y status en un error del backend","duration":9.213999999999942,"failureMessages":[],"meta":{},"tags":[]},{"ancestorTitles":["client — envelope"],"fullName":"client — envelope nunca expone `errors` en el EsaviApiError","status":"passed","title":"nunca expone `errors` en el EsaviApiError","duration":3.542500000000018,"failureMessages":[],"meta":{},"tags":[]},{"ancestorTitles":["client — respuestas blob"],"fullName":"client — respuestas blob no desenvuelve una respuesta 2xx con responseType blob","status":"passed","title":"no desenvuelve una respuesta 2xx con responseType blob","duration":3.586999999999989,"failureMessages":[],"meta":{},"tags":[]},{"ancestorTitles":["client — respuestas blob"],"fullName":"client — respuestas blob un 409 con cuerpo Blob produce un EsaviApiError con su code y message reales","status":"passed","title":"un 409 con cuerpo Blob produce un EsaviApiError con su code y message reales","duration":11.929100000000062,"failureMessages":[],"meta":{},"tags":[]},{"ancestorTitles":["client — cabeceras y parámetros"],"fullName":"client — cabeceras y parámetros añade ?lang= con el idioma activo de preferencesStore","status":"passed","title":"añade ?lang= con el idioma activo de preferencesStore","duration":3.712199999999939,"failureMessages":[],"meta":{},"tags":[]},{"ancestorTitles":["client — cabeceras y parámetros"],"fullName":"client — cabeceras y parámetros no añade Authorization sin access token","status":"passed","title":"no añade Authorization sin access token","duration":2.4149999999999636,"failureMessages":[],"meta":{},"tags":[]},{"ancestorTitles":["client — cabeceras y parámetros"],"fullName":"client — cabeceras y parámetros añade Authorization: Bearer <token> cuando hay access token","status":"passed","title":"añade Authorization: Bearer <token> cuando hay access token","duration":2.8217999999999392,"failureMessages":[],"meta":{},"tags":[]},{"ancestorTitles":["client — sin respuesta del servidor"],"fullName":"client — sin respuesta del servidor produce un EsaviApiError con code NETWORK_ERROR","status":"passed","title":"produce un EsaviApiError con code NETWORK_ERROR","duration":2.4640999999999167,"failureMessages":[],"meta":{},"tags":[]},{"ancestorTitles":["client — cola de refresh"],"fullName":"client — cola de refresh dos peticiones con 401 simultáneas producen un solo POST /api/auth/refresh, y ambas se reintentan con el token nuevo","status":"passed","title":"dos peticiones con 401 simultáneas producen un solo POST /api/auth/refresh, y ambas se reintentan con el token nuevo","duration":10.611400000000003,"failureMessages":[],"meta":{},"tags":[]},{"ancestorTitles":["client — cola de refresh"],"fullName":"client — cola de refresh un 401 sin `code` en el cuerpo dispara el refresh y reintenta","status":"passed","title":"un 401 sin `code` en el cuerpo dispara el refresh y reintenta","duration":5.495200000000068,"failureMessages":[],"meta":{},"tags":[]},{"ancestorTitles":["client — cola de refresh"],"fullName":"client — cola de refresh AUTH_002_REFRESH_TOKEN_REUSED (durante el refresh) no reintenta y limpia la sesión","status":"passed","title":"AUTH_002_REFRESH_TOKEN_REUSED (durante el refresh) no reintenta y limpia la sesión","duration":4.476899999999887,"failureMessages":[],"meta":{},"tags":[]},{"ancestorTitles":["client — cola de refresh"],"fullName":"client — cola de refresh AUTH_003_REFRESH_TOKEN_REUSED (durante el logout) no dispara un refresh y limpia la sesión","status":"passed","title":"AUTH_003_REFRESH_TOKEN_REUSED (durante el logout) no dispara un refresh y limpia la sesión","duration":2.7657000000001517,"failureMessages":[],"meta":{},"tags":[]},{"ancestorTitles":["client — cola de refresh"],"fullName":"client — cola de refresh sin refresh token guardado, rechaza de inmediato sin llamar a la red","status":"passed","title":"sin refresh token guardado, rechaza de inmediato sin llamar a la red","duration":2.138200000000097,"failureMessages":[],"meta":{},"tags":[]},{"ancestorTitles":["client — cola de refresh"],"fullName":"client — cola de refresh un 401 de /auth/login (credenciales malas) no dispara un refresh","status":"passed","title":"un 401 de /auth/login (credenciales malas) no dispara un refresh","duration":2.44600000000014,"failureMessages":[],"meta":{},"tags":[]}],"startTime":1789046462916,"endTime":1789046463009.446,"status":"passed","message":"","name":"C:/Users/die_g/Documents/Projects/esavi-app/esavi-frontend/src/shared/api/client.test.ts"},{"assertionResults":[{"ancestorTitles":["createResource — inactiveMode adminPath"],"fullName":"createResource — inactiveMode adminPath con nivel ADMIN e includeInactive:true, pega a /widgets/admin","status":"passed","title":"con nivel ADMIN e includeInactive:true, pega a /widgets/admin","duration":98.71060000000011,"failureMessages":[],"meta":{},"tags":[]},{"ancestorTitles":["createResource — inactiveMode adminPath"],"fullName":"createResource — inactiveMode adminPath con nivel USER e includeInactive:true, pega a /widgets (no al admin)","status":"passed","title":"con nivel USER e includeInactive:true, pega a /widgets (no al admin)","duration":75.95589999999993,"failureMessages":[],"meta":{},"tags":[]},{"ancestorTitles":["createResource — inactiveMode serverDecides"],"fullName":"createResource — inactiveMode serverDecides includeInactive no cambia la URL, siempre pega a /widgets","status":"passed","title":"includeInactive no cambia la URL, siempre pega a /widgets","duration":77.62950000000001,"failureMessages":[],"meta":{},"tags":[]},{"ancestorTitles":["createResource — paginación"],"fullName":"createResource — paginación page: 3 con pageSize: 25 produce ?limit=25&offset=50","status":"passed","title":"page: 3 con pageSize: 25 produce ?limit=25&offset=50","duration":78.49720000000002,"failureMessages":[],"meta":{},"tags":[]},{"ancestorTitles":["createResource — invalidación tras mutar"],"fullName":"createResource — invalidación tras mutar crear invalida el listado y el detalle a la vez","status":"passed","title":"crear invalida el listado y el detalle a la vez","duration":184.89649999999983,"failureMessages":[],"meta":{},"tags":[]},{"ancestorTitles":["createResource — filtros genéricos"],"fullName":"createResource — filtros genéricos con filters, pega a ?limit=10&offset=0&geoLevelId=x","status":"passed","title":"con filters, pega a ?limit=10&offset=0&geoLevelId=x","duration":75.86719999999991,"failureMessages":[],"meta":{},"tags":[]},{"ancestorTitles":["createResource — filtros genéricos"],"fullName":"createResource — filtros genéricos sin filters, la URL no lleva esas claves","status":"passed","title":"sin filters, la URL no lleva esas claves","duration":76.45499999999993,"failureMessages":[],"meta":{},"tags":[]},{"ancestorTitles":["createResource — listado con padre (hallazgo D)"],"fullName":"createResource — listado con padre (hallazgo D) pega a la ruta con el FK en el path, nunca en un query param","status":"passed","title":"pega a la ruta con el FK en el path, nunca en un query param","duration":78.52449999999999,"failureMessages":[],"meta":{},"tags":[]}],"startTime":1789046424324,"endTime":1789046425070.5244,"status":"passed","message":"","name":"C:/Users/die_g/Documents/Projects/esavi-app/esavi-frontend/src/shared/api/createResource.test.tsx"},{"assertionResults":[{"ancestorTitles":["getErrorMessage"],"fullName":"getErrorMessage devuelve el `message` del backend cuando el `code` no está mapeado","status":"passed","title":"devuelve el `message` del backend cuando el `code` no está mapeado","duration":1.459699999999998,"failureMessages":[],"meta":{},"tags":[]},{"ancestorTitles":["getErrorMessage"],"fullName":"getErrorMessage devuelve la clave de reserva cuando el `code` no está mapeado y `message` está vacío","status":"passed","title":"devuelve la clave de reserva cuando el `code` no está mapeado y `message` está vacío","duration":1.6008000000000493,"failureMessages":[],"meta":{},"tags":[]},{"ancestorTitles":["getErrorMessage"],"fullName":"getErrorMessage mapea CASEFLOW_006_CASE_NOT_FOUND a su texto propio","status":"passed","title":"mapea CASEFLOW_006_CASE_NOT_FOUND a su texto propio","duration":0.2980000000000018,"failureMessages":[],"meta":{},"tags":[]},{"ancestorTitles":["getErrorMessage"],"fullName":"getErrorMessage mapea CASEFLOW_006_NOT_FOUND a su texto propio","status":"passed","title":"mapea CASEFLOW_006_NOT_FOUND a su texto propio","duration":0.21010000000001128,"failureMessages":[],"meta":{},"tags":[]},{"ancestorTitles":["getErrorMessage"],"fullName":"getErrorMessage mapea CASEFLOW_007_STAGE_NOT_STARTED a su texto propio","status":"passed","title":"mapea CASEFLOW_007_STAGE_NOT_STARTED a su texto propio","duration":0.20809999999994488,"failureMessages":[],"meta":{},"tags":[]},{"ancestorTitles":["getErrorMessage"],"fullName":"getErrorMessage mapea CASEFLOW_007_STAGE_ALREADY_COMPLETED a su texto propio","status":"passed","title":"mapea CASEFLOW_007_STAGE_ALREADY_COMPLETED a su texto propio","duration":0.1389000000000351,"failureMessages":[],"meta":{},"tags":[]},{"ancestorTitles":["getErrorMessage"],"fullName":"getErrorMessage mapea CASEFLOW_007_CASE_CLOSED a su texto propio","status":"passed","title":"mapea CASEFLOW_007_CASE_CLOSED a su texto propio","duration":0.11019999999996344,"failureMessages":[],"meta":{},"tags":[]},{"ancestorTitles":["getErrorMessage"],"fullName":"getErrorMessage mapea NOTIFCN_001_CREATION_FAILED a su texto propio","status":"passed","title":"mapea NOTIFCN_001_CREATION_FAILED a su texto propio","duration":0.18610000000001037,"failureMessages":[],"meta":{},"tags":[]},{"ancestorTitles":["getErrorMessage"],"fullName":"getErrorMessage mapea NOTIFCN_004_UPDATE_FAILED a su texto propio","status":"passed","title":"mapea NOTIFCN_004_UPDATE_FAILED a su texto propio","duration":0.22460000000000946,"failureMessages":[],"meta":{},"tags":[]},{"ancestorTitles":["getErrorMessage"],"fullName":"getErrorMessage mapea NOTIFCN_004_NOT_FOUND a su texto propio","status":"passed","title":"mapea NOTIFCN_004_NOT_FOUND a su texto propio","duration":0.22419999999999618,"failureMessages":[],"meta":{},"tags":[]},{"ancestorTitles":["getErrorMessage"],"fullName":"getErrorMessage mapea NOTIFCN_001_CASE_NOT_FOUND a su texto propio","status":"passed","title":"mapea NOTIFCN_001_CASE_NOT_FOUND a su texto propio","duration":0.22889999999995325,"failureMessages":[],"meta":{},"tags":[]},{"ancestorTitles":["getErrorMessage"],"fullName":"getErrorMessage mapea SEVNOT_001_CREATION_FAILED a su texto propio","status":"passed","title":"mapea SEVNOT_001_CREATION_FAILED a su texto propio","duration":0.12790000000006785,"failureMessages":[],"meta":{},"tags":[]},{"ancestorTitles":["getErrorMessage"],"fullName":"getErrorMessage mapea SEVNOT_004_UPDATE_FAILED a su texto propio","status":"passed","title":"mapea SEVNOT_004_UPDATE_FAILED a su texto propio","duration":0.09239999999999782,"failureMessages":[],"meta":{},"tags":[]},{"ancestorTitles":["getErrorMessage"],"fullName":"getErrorMessage mapea SEVNOT_004_NOT_FOUND a su texto propio","status":"passed","title":"mapea SEVNOT_004_NOT_FOUND a su texto propio","duration":0.21259999999995216,"failureMessages":[],"meta":{},"tags":[]},{"ancestorTitles":["getErrorMessage"],"fullName":"getErrorMessage mapea SEVNOT_001_NOTIFICATION_NOT_FOUND a su texto propio","status":"passed","title":"mapea SEVNOT_001_NOTIFICATION_NOT_FOUND a su texto propio","duration":0.2015999999999849,"failureMessages":[],"meta":{},"tags":[]},{"ancestorTitles":["getErrorMessage"],"fullName":"getErrorMessage mapea NSEVNOT_001_CREATION_FAILED a su texto propio","status":"passed","title":"mapea NSEVNOT_001_CREATION_FAILED a su texto propio","duration":0.14279999999996562,"failureMessages":[],"meta":{},"tags":[]},{"ancestorTitles":["getErrorMessage"],"fullName":"getErrorMessage mapea NSEVNOT_004_UPDATE_FAILED a su texto propio","status":"passed","title":"mapea NSEVNOT_004_UPDATE_FAILED a su texto propio","duration":0.09609999999997854,"failureMessages":[],"meta":{},"tags":[]},{"ancestorTitles":["getErrorMessage"],"fullName":"getErrorMessage mapea NSEVNOT_004_NOT_FOUND a su texto propio","status":"passed","title":"mapea NSEVNOT_004_NOT_FOUND a su texto propio","duration":0.11759999999992488,"failureMessages":[],"meta":{},"tags":[]},{"ancestorTitles":["getErrorMessage"],"fullName":"getErrorMessage mapea NSEVNOT_001_NOTIFICATION_NOT_FOUND a su texto propio","status":"passed","title":"mapea NSEVNOT_001_NOTIFICATION_NOT_FOUND a su texto propio","duration":0.12620000000003984,"failureMessages":[],"meta":{},"tags":[]},{"ancestorTitles":["getErrorMessage"],"fullName":"getErrorMessage mapea NOTIFCN_006_NOT_FOUND a su texto propio","status":"passed","title":"mapea NOTIFCN_006_NOT_FOUND a su texto propio","duration":0.1331000000000131,"failureMessages":[],"meta":{},"tags":[]},{"ancestorTitles":["getErrorMessage"],"fullName":"getErrorMessage mapea NOTIFCN_006_CASE_NOT_FOUND a su texto propio","status":"passed","title":"mapea NOTIFCN_006_CASE_NOT_FOUND a su texto propio","duration":0.13379999999995107,"failureMessages":[],"meta":{},"tags":[]},{"ancestorTitles":["getErrorMessage"],"fullName":"getErrorMessage mapea SEVNOT_006_NOT_FOUND a su texto propio","status":"passed","title":"mapea SEVNOT_006_NOT_FOUND a su texto propio","duration":0.12069999999994252,"failureMessages":[],"meta":{},"tags":[]},{"ancestorTitles":["getErrorMessage"],"fullName":"getErrorMessage mapea SEVNOT_006_CASE_NOT_FOUND a su texto propio","status":"passed","title":"mapea SEVNOT_006_CASE_NOT_FOUND a su texto propio","duration":0.08120000000008076,"failureMessages":[],"meta":{},"tags":[]},{"ancestorTitles":["getErrorMessage"],"fullName":"getErrorMessage mapea NSEVNOT_006_NOT_FOUND a su texto propio","status":"passed","title":"mapea NSEVNOT_006_NOT_FOUND a su texto propio","duration":0.10730000000000928,"failureMessages":[],"meta":{},"tags":[]},{"ancestorTitles":["getErrorMessage"],"fullName":"getErrorMessage mapea NSEVNOT_006_CASE_NOT_FOUND a su texto propio","status":"passed","title":"mapea NSEVNOT_006_CASE_NOT_FOUND a su texto propio","duration":0.08100000000001728,"failureMessages":[],"meta":{},"tags":[]}],"startTime":1789046493234,"endTime":1789046493240.1338,"status":"passed","message":"","name":"C:/Users/die_g/Documents/Projects/esavi-app/esavi-frontend/src/shared/api/errorMessages.test.ts"},{"assertionResults":[{"ancestorTitles":["filterNavigationByLevel"],"fullName":"filterNavigationByLevel con ANALYTICS no aparece ningún hijo (ni grupos vacíos)","status":"passed","title":"con ANALYTICS no aparece ningún hijo (ni grupos vacíos)","duration":1.4021000000000186,"failureMessages":[],"meta":{},"tags":[]},{"ancestorTitles":["filterNavigationByLevel"],"fullName":"filterNavigationByLevel con USER aparecen todos los hijos menos «Usuarios»","status":"passed","title":"con USER aparecen todos los hijos menos «Usuarios»","duration":0.7980000000000018,"failureMessages":[],"meta":{},"tags":[]},{"ancestorTitles":["filterNavigationByLevel"],"fullName":"filterNavigationByLevel con ADMIN aparecen los diecinueve hijos","status":"passed","title":"con ADMIN aparecen los diecinueve hijos","duration":0.27530000000001564,"failureMessages":[],"meta":{},"tags":[]},{"ancestorTitles":["filterNavigationByLevel"],"fullName":"filterNavigationByLevel con SUPERADMIN también aparecen los diecinueve","status":"passed","title":"con SUPERADMIN también aparecen los diecinueve","duration":0.11580000000003565,"failureMessages":[],"meta":{},"tags":[]}],"startTime":1789046500070,"endTime":1789046500072.2754,"status":"passed","message":"","name":"C:/Users/die_g/Documents/Projects/esavi-app/esavi-frontend/src/shared/config/navigation.test.ts"},{"assertionResults":[{"ancestorTitles":["getEffectiveLevel"],"fullName":"getEffectiveLevel usa role.level cuando está presente","status":"passed","title":"usa role.level cuando está presente","duration":1.4295000000000755,"failureMessages":[],"meta":{},"tags":[]},{"ancestorTitles":["getEffectiveLevel"],"fullName":"getEffectiveLevel cae a ROLE_LEVELS[NAME] cuando level es nulo","status":"passed","title":"cae a ROLE_LEVELS[NAME] cuando level es nulo","duration":0.15999999999996817,"failureMessages":[],"meta":{},"tags":[]},{"ancestorTitles":["getEffectiveLevel"],"fullName":"getEffectiveLevel cae a 0 cuando ni level ni el nombre existen en ROLE_LEVELS","status":"passed","title":"cae a 0 cuando ni level ni el nombre existen en ROLE_LEVELS","duration":0.1511999999999034,"failureMessages":[],"meta":{},"tags":[]},{"ancestorTitles":["getEffectiveLevel"],"fullName":"getEffectiveLevel un usuario sin roles obtiene 0","status":"passed","title":"un usuario sin roles obtiene 0","duration":0.10849999999993543,"failureMessages":[],"meta":{},"tags":[]},{"ancestorTitles":["getEffectiveLevel"],"fullName":"getEffectiveLevel un usuario con dos roles obtiene el mayor","status":"passed","title":"un usuario con dos roles obtiene el mayor","duration":0.15180000000009386,"failureMessages":[],"meta":{},"tags":[]},{"ancestorTitles":["getEffectiveLevel"],"fullName":"getEffectiveLevel mezcla level real y respaldo por nombre entre varios roles","status":"passed","title":"mezcla level real y respaldo por nombre entre varios roles","duration":0.10590000000001965,"failureMessages":[],"meta":{},"tags":[]}],"startTime":1789046500851,"endTime":1789046500854.106,"status":"passed","message":"","name":"C:/Users/die_g/Documents/Projects/esavi-app/esavi-frontend/src/shared/config/roles.test.ts"},{"assertionResults":[{"ancestorTitles":["AnswerOptionField"],"fullName":"AnswerOptionField en variante unknown, un NO_ANSWER leído del servidor se muestra en vez de quedar en blanco (§7.1)","status":"passed","title":"en variante unknown, un NO_ANSWER leído del servidor se muestra en vez de quedar en blanco (§7.1)","duration":100.34700000000021,"failureMessages":[],"meta":{},"tags":[]},{"ancestorTitles":["AnswerOptionField"],"fullName":"AnswerOptionField en variante unknown ofrece sólo tres opciones en el menú","status":"passed","title":"en variante unknown ofrece sólo tres opciones en el menú","duration":78.9402,"failureMessages":[],"meta":{},"tags":[]},{"ancestorTitles":["AnswerOptionField"],"fullName":"AnswerOptionField en variante full ofrece las cinco opciones","status":"passed","title":"en variante full ofrece las cinco opciones","duration":63.962999999999965,"failureMessages":[],"meta":{},"tags":[]},{"ancestorTitles":["AnswerOptionField"],"fullName":"AnswerOptionField elegir una opción emite el AnswerOption correspondiente","status":"passed","title":"elegir una opción emite el AnswerOption correspondiente","duration":87.71139999999991,"failureMessages":[],"meta":{},"tags":[]}],"startTime":1789046430085,"endTime":1789046430415.7114,"status":"passed","message":"","name":"C:/Users/die_g/Documents/Projects/esavi-app/esavi-frontend/src/shared/components/AnswerOptionField.test.tsx"},{"assertionResults":[{"ancestorTitles":["AuditTrail"],"fullName":"AuditTrail pinta una lista cronológica con fecha, usuario, método y detalle","status":"passed","title":"pinta una lista cronológica con fecha, usuario, método y detalle","duration":73.89979999999991,"failureMessages":[],"meta":{},"tags":[]},{"ancestorTitles":["AuditTrail"],"fullName":"AuditTrail con appDetails: null muestra el estado vacío sin reventar","status":"passed","title":"con appDetails: null muestra el estado vacío sin reventar","duration":2.636199999999917,"failureMessages":[],"meta":{},"tags":[]},{"ancestorTitles":["AuditTrail"],"fullName":"AuditTrail con appDetails: {} (dato corrupto del seed) muestra el estado vacío sin reventar","status":"passed","title":"con appDetails: {} (dato corrupto del seed) muestra el estado vacío sin reventar","duration":2.2478000000000975,"failureMessages":[],"meta":{},"tags":[]}],"startTime":1789046485340,"endTime":1789046485419.2478,"status":"passed","message":"","name":"C:/Users/die_g/Documents/Projects/esavi-app/esavi-frontend/src/shared/components/AuditTrail.test.tsx"},{"assertionResults":[{"ancestorTitles":["CatalogSelect"],"fullName":"CatalogSelect pinta los estados del catálogo caseWorkflowStatus","status":"passed","title":"pinta los estados del catálogo caseWorkflowStatus","duration":194.28420000000006,"failureMessages":[],"meta":{},"tags":[]},{"ancestorTitles":["CatalogSelect"],"fullName":"CatalogSelect dos instancias con el mismo typeCode comparten caché y hacen una petición por salto","status":"passed","title":"dos instancias con el mismo typeCode comparten caché y hacen una petición por salto","duration":66.14429999999993,"failureMessages":[],"meta":{},"tags":[]},{"ancestorTitles":["CatalogSelect"],"fullName":"CatalogSelect un typeCode inexistente deja el selector deshabilitado y con su explicación","status":"passed","title":"un typeCode inexistente deja el selector deshabilitado y con su explicación","duration":31.56119999999987,"failureMessages":[],"meta":{},"tags":[]},{"ancestorTitles":["CatalogSelect"],"fullName":"CatalogSelect un catalogType sembrado pero sin ítems también sale deshabilitado y con su explicación","status":"passed","title":"un catalogType sembrado pero sin ítems también sale deshabilitado y con su explicación","duration":46.44990000000007,"failureMessages":[],"meta":{},"tags":[]},{"ancestorTitles":["CatalogSelect"],"fullName":"CatalogSelect emite el code del item elegido, no su catalogItemId","status":"passed","title":"emite el code del item elegido, no su catalogItemId","duration":123.38720000000012,"failureMessages":[],"meta":{},"tags":[]}],"startTime":1789046426571,"endTime":1789046427033.3872,"status":"passed","message":"","name":"C:/Users/die_g/Documents/Projects/esavi-app/esavi-frontend/src/shared/components/CatalogSelect.test.tsx"},{"assertionResults":[{"ancestorTitles":["DateField"],"fullName":"DateField teclear una fecha fija el valor sin abrir el calendario","status":"passed","title":"teclear una fecha fija el valor sin abrir el calendario","duration":47.50759999999991,"failureMessages":[],"meta":{},"tags":[]},{"ancestorTitles":["DateField"],"fullName":"DateField con allowFuture:false rechaza una fecha futura","status":"passed","title":"con allowFuture:false rechaza una fecha futura","duration":5.5832000000000335,"failureMessages":[],"meta":{},"tags":[]},{"ancestorTitles":["DateField"],"fullName":"DateField con allowFuture:true acepta una fecha futura","status":"passed","title":"con allowFuture:true acepta una fecha futura","duration":6.800900000000183,"failureMessages":[],"meta":{},"tags":[]},{"ancestorTitles":["DateField"],"fullName":"DateField el valor emitido nunca lleva hora ni zona","status":"passed","title":"el valor emitido nunca lleva hora ni zona","duration":8.10590000000002,"failureMessages":[],"meta":{},"tags":[]},{"ancestorTitles":["DateField"],"fullName":"DateField el botón de calendario es alcanzable con el teclado y es un <button> nativo","status":"passed","title":"el botón de calendario es alcanzable con el teclado y es un <button> nativo","duration":37.43260000000009,"failureMessages":[],"meta":{},"tags":[]},{"ancestorTitles":["DateField"],"fullName":"DateField activar el botón de calendario abre el calendario","status":"passed","title":"activar el botón de calendario abre el calendario","duration":4743.741800000001,"failureMessages":[],"meta":{},"tags":[]}],"startTime":1789046309619,"endTime":1789046314467.7417,"status":"passed","message":"","name":"C:/Users/die_g/Documents/Projects/esavi-app/esavi-frontend/src/shared/components/DateField.test.tsx"},{"assertionResults":[{"ancestorTitles":["DiluentSelect"],"fullName":"DiluentSelect con el maestro sin semillas, sale deshabilitado con su explicación","status":"failed","title":"con el maestro sin semillas, sale deshabilitado con su explicación","duration":15021.2448,"failureMessages":["Error: STACK_TRACE_ERROR\n    at task (file:///C:/Users/die_g/Documents/Projects/esavi-app/esavi-frontend/node_modules/@vitest/runner/dist/chunk-artifact.js:1784:27)\n    at Object.<anonymous> (file:///C:/Users/die_g/Documents/Projects/esavi-app/esavi-frontend/node_modules/@vitest/runner/dist/chunk-artifact.js:1817:16)\n    at Object.<anonymous> (file:///C:/Users/die_g/Documents/Projects/esavi-app/esavi-frontend/node_modules/@vitest/runner/dist/chunk-artifact.js:1563:28)\n    at chain (file:///C:/Users/die_g/Documents/Projects/esavi-app/esavi-frontend/node_modules/@vitest/runner/dist/chunk-artifact.js:599:14)\n    at C:/Users/die_g/Documents/Projects/esavi-app/esavi-frontend/src/shared/components/DiluentSelect.test.tsx:54:3\n    at file:///C:/Users/die_g/Documents/Projects/esavi-app/esavi-frontend/node_modules/@vitest/runner/dist/chunk-artifact.js:1889:40\n    at runWithSuite (file:///C:/Users/die_g/Documents/Projects/esavi-app/esavi-frontend/node_modules/@vitest/runner/dist/chunk-artifact.js:2258:8)\n    at Object.collect (file:///C:/Users/die_g/Documents/Projects/esavi-app/esavi-frontend/node_modules/@vitest/runner/dist/chunk-artifact.js:1889:10)\n    at Object.collect (file:///C:/Users/die_g/Documents/Projects/esavi-app/esavi-frontend/node_modules/@vitest/runner/dist/chunk-artifact.js:1893:54)\n    at processTicksAndRejections (node:internal/process/task_queues:95:5)"],"meta":{},"tags":[]},{"ancestorTitles":["DiluentSelect"],"fullName":"DiluentSelect con el maestro sembrado, permite elegir un diluyente","status":"passed","title":"con el maestro sembrado, permite elegir un diluyente","duration":43283.6783,"failureMessages":[],"meta":{},"tags":[]}],"startTime":1789045889493,"endTime":1789045947798.6782,"status":"failed","message":"","name":"C:/Users/die_g/Documents/Projects/esavi-app/esavi-frontend/src/shared/components/DiluentSelect.test.tsx"},{"assertionResults":[{"ancestorTitles":["GeoLocationPicker — reset externo (bug reportado)"],"fullName":"GeoLocationPicker — reset externo (bug reportado) un value puesto a null desde fuera limpia la cascada, no solo el valor final","status":"passed","title":"un value puesto a null desde fuera limpia la cascada, no solo el valor final","duration":355.10249999999996,"failureMessages":[],"meta":{},"tags":[]},{"ancestorTitles":["GeoLocationPicker — reset externo (bug reportado)"],"fullName":"GeoLocationPicker — reset externo (bug reportado) un value puesto a null desde fuera no afecta la selección propia del usuario (eco de onChange)","status":"passed","title":"un value puesto a null desde fuera no afecta la selección propia del usuario (eco de onChange)","duration":141.52019999999993,"failureMessages":[],"meta":{},"tags":[]},{"ancestorTitles":["GeoLocationPicker — primer nivel (hallazgo D)"],"fullName":"GeoLocationPicker — primer nivel (hallazgo D) pide el primer nivel filtrando por geoLevelId del nivel raíz, nunca con parentId vacío","status":"passed","title":"pide el primer nivel filtrando por geoLevelId del nivel raíz, nunca con parentId vacío","duration":41.41830000000027,"failureMessages":[],"meta":{},"tags":[]},{"ancestorTitles":["GeoLocationPicker — cascada"],"fullName":"GeoLocationPicker — cascada elegir una opción del primer nivel dispara la consulta del nivel siguiente con parentId","status":"passed","title":"elegir una opción del primer nivel dispara la consulta del nivel siguiente con parentId","duration":127.76610000000028,"failureMessages":[],"meta":{},"tags":[]},{"ancestorTitles":["GeoLocationPicker — cascada"],"fullName":"GeoLocationPicker — cascada con excludeSubtreeOf fijado, esa fila no aparece entre las opciones del nivel donde vive","status":"passed","title":"con excludeSubtreeOf fijado, esa fila no aparece entre las opciones del nivel donde vive","duration":92.2835,"failureMessages":[],"meta":{},"tags":[]},{"ancestorTitles":["GeoLocationPicker — cascada"],"fullName":"GeoLocationPicker — cascada un nivel sin hijos no pinta un <Select> vacío","status":"passed","title":"un nivel sin hijos no pinta un <Select> vacío","duration":124.63439999999991,"failureMessages":[],"meta":{},"tags":[]},{"ancestorTitles":["GeoLocationPicker — «×» por nivel (SPEC FE05)"],"fullName":"GeoLocationPicker — «×» por nivel (SPEC FE05) limpiar el nivel N descarta los niveles descendientes","status":"passed","title":"limpiar el nivel N descarta los niveles descendientes","duration":386.3973000000001,"failureMessages":[],"meta":{},"tags":[]},{"ancestorTitles":["GeoLocationPicker — edición sin precarga de ancestros"],"fullName":"GeoLocationPicker — edición sin precarga de ancestros con un value ya asignado, muestra el valor plano de solo lectura con botón «Cambiar»","status":"passed","title":"con un value ya asignado, muestra el valor plano de solo lectura con botón «Cambiar»","duration":32.68049999999994,"failureMessages":[],"meta":{},"tags":[]},{"ancestorTitles":["GeoLocationPicker — edición sin precarga de ancestros"],"fullName":"GeoLocationPicker — edición sin precarga de ancestros pulsar «Cambiar» abre la cascada vacía desde el nivel raíz","status":"passed","title":"pulsar «Cambiar» abre la cascada vacía desde el nivel raíz","duration":30.945400000000063,"failureMessages":[],"meta":{},"tags":[]}],"startTime":1789046371868,"endTime":1789046373201.9453,"status":"passed","message":"","name":"C:/Users/die_g/Documents/Projects/esavi-app/esavi-frontend/src/shared/components/GeoLocationPicker.test.tsx"},{"assertionResults":[{"ancestorTitles":["MeddraSearchField"],"fullName":"MeddraSearchField con dos caracteres no llama a onQueryChange (mínimo de MEDDRA-006 es 3)","status":"passed","title":"con dos caracteres no llama a onQueryChange (mínimo de MEDDRA-006 es 3)","duration":31300.8639,"failureMessages":[],"meta":{},"tags":[]},{"ancestorTitles":["MeddraSearchField"],"fullName":"MeddraSearchField con tres caracteres llama a onQueryChange tras el rebote de 400ms","status":"passed","title":"con tres caracteres llama a onQueryChange tras el rebote de 400ms","duration":35887.0562,"failureMessages":[],"meta":{},"tags":[]},{"ancestorTitles":["MeddraSearchField"],"fullName":"MeddraSearchField con un 503 del diccionario sigue aceptando texto y muestra su estado de servicio, no \"no hay resultados\"","status":"passed","title":"con un 503 del diccionario sigue aceptando texto y muestra su estado de servicio, no \"no hay resultados\"","duration":8182.0483000000095,"failureMessages":[],"meta":{},"tags":[]}],"startTime":1789017452280,"endTime":1789017527650.0483,"status":"passed","message":"","name":"C:/Users/die_g/Documents/Projects/esavi-app/esavi-frontend/src/shared/components/MeddraSearchField.test.tsx"},{"assertionResults":[{"ancestorTitles":["RequireAuth"],"fullName":"RequireAuth redirige a /login sin refresh token guardado","status":"passed","title":"redirige a /login sin refresh token guardado","duration":26.41039999999998,"failureMessages":[],"meta":{},"tags":[]},{"ancestorTitles":["RequireAuth"],"fullName":"RequireAuth muestra el contenido protegido con sesión válida","status":"passed","title":"muestra el contenido protegido con sesión válida","duration":42.165500000000065,"failureMessages":[],"meta":{},"tags":[]},{"ancestorTitles":["RequireAuth"],"fullName":"RequireAuth redirige a /login si hay refresh token pero la sesión no se puede resolver","status":"passed","title":"redirige a /login si hay refresh token pero la sesión no se puede resolver","duration":30.882499999999936,"failureMessages":[],"meta":{},"tags":[]}],"startTime":1789046483787,"endTime":1789046483886.8826,"status":"passed","message":"","name":"C:/Users/die_g/Documents/Projects/esavi-app/esavi-frontend/src/shared/components/RequireAuth.test.tsx"},{"assertionResults":[{"ancestorTitles":["RequireRole"],"fullName":"RequireRole muestra el contenido cuando el nivel efectivo alcanza el mínimo","status":"passed","title":"muestra el contenido cuando el nivel efectivo alcanza el mínimo","duration":71.61130000000003,"failureMessages":[],"meta":{},"tags":[]},{"ancestorTitles":["RequireRole"],"fullName":"RequireRole redirige a / cuando el nivel efectivo no alcanza el mínimo","status":"passed","title":"redirige a / cuando el nivel efectivo no alcanza el mínimo","duration":17.309400000000096,"failureMessages":[],"meta":{},"tags":[]}],"startTime":1789046486530,"endTime":1789046486619.3093,"status":"passed","message":"","name":"C:/Users/die_g/Documents/Projects/esavi-app/esavi-frontend/src/shared/components/RequireRole.test.tsx"},{"assertionResults":[{"ancestorTitles":["ResourceForm — mapeo de errores del backend"],"fullName":"ResourceForm — mapeo de errores del backend un 409 con CATTYPE_001_CODE_EXISTS marca el campo code y no dispara onUnmappedError","status":"passed","title":"un 409 con CATTYPE_001_CODE_EXISTS marca el campo code y no dispara onUnmappedError","duration":46.466699999999946,"failureMessages":[],"meta":{},"tags":[]},{"ancestorTitles":["ResourceForm — mapeo de errores del backend"],"fullName":"ResourceForm — mapeo de errores del backend un code no mapeado dispara onUnmappedError y no marca ningún campo","status":"passed","title":"un code no mapeado dispara onUnmappedError y no marca ningún campo","duration":7.295700000000124,"failureMessages":[],"meta":{},"tags":[]},{"ancestorTitles":["ResourceForm — acciones"],"fullName":"ResourceForm — acciones renderiza los botones Guardar y Cancelar traducidos","status":"passed","title":"renderiza los botones Guardar y Cancelar traducidos","duration":41.15119999999979,"failureMessages":[],"meta":{},"tags":[]}],"startTime":1789046479309,"endTime":1789046479404.1511,"status":"passed","message":"","name":"C:/Users/die_g/Documents/Projects/esavi-app/esavi-frontend/src/shared/components/ResourceForm.test.tsx"},{"assertionResults":[{"ancestorTitles":["ResourceTable — estado vacío"],"fullName":"ResourceTable — estado vacío con count: 0 muestra el estado vacío","status":"passed","title":"con count: 0 muestra el estado vacío","duration":28.470199999999977,"failureMessages":[],"meta":{},"tags":[]},{"ancestorTitles":["ResourceTable — estado vacío"],"fullName":"ResourceTable — estado vacío muestra el estado vacío filtrado cuando isFiltered es true","status":"passed","title":"muestra el estado vacío filtrado cuando isFiltered es true","duration":4.514599999999973,"failureMessages":[],"meta":{},"tags":[]},{"ancestorTitles":["ResourceTable — carga"],"fullName":"ResourceTable — carga muestra el skeleton mientras isLoading es true","status":"passed","title":"muestra el skeleton mientras isLoading es true","duration":16.622299999999996,"failureMessages":[],"meta":{},"tags":[]},{"ancestorTitles":["ResourceTable — error"],"fullName":"ResourceTable — error muestra el mensaje resuelto por code y reintenta al hacer click","status":"passed","title":"muestra el mensaje resuelto por code y reintenta al hacer click","duration":47.8746000000001,"failureMessages":[],"meta":{},"tags":[]},{"ancestorTitles":["ResourceTable — toggle de inactivos (modo adminPath)"],"fullName":"ResourceTable — toggle de inactivos (modo adminPath) con nivel USER, el toggle no se renderiza","status":"passed","title":"con nivel USER, el toggle no se renderiza","duration":63.830400000000054,"failureMessages":[],"meta":{},"tags":[]},{"ancestorTitles":["ResourceTable — toggle de inactivos (modo adminPath)"],"fullName":"ResourceTable — toggle de inactivos (modo adminPath) con nivel ADMIN, el toggle sí se renderiza","status":"passed","title":"con nivel ADMIN, el toggle sí se renderiza","duration":51.14190000000008,"failureMessages":[],"meta":{},"tags":[]},{"ancestorTitles":["ResourceTable — toggle de inactivos (modo adminPath)"],"fullName":"ResourceTable — toggle de inactivos (modo adminPath) en modo serverDecides, el toggle nunca se renderiza aunque el nivel sea ADMIN","status":"passed","title":"en modo serverDecides, el toggle nunca se renderiza aunque el nivel sea ADMIN","duration":22.4987000000001,"failureMessages":[],"meta":{},"tags":[]}],"startTime":1789046445118,"endTime":1789046445353.4988,"status":"passed","message":"","name":"C:/Users/die_g/Documents/Projects/esavi-app/esavi-frontend/src/shared/components/ResourceTable.test.tsx"},{"assertionResults":[{"ancestorTitles":["SatelliteList"],"fullName":"SatelliteList con cero filas sólo muestra título y botón «Añadir»","status":"passed","title":"con cero filas sólo muestra título y botón «Añadir»","duration":65.54999999999995,"failureMessages":[],"meta":{},"tags":[]},{"ancestorTitles":["SatelliteList"],"fullName":"SatelliteList sin onAdd no muestra el botón «Añadir» (caso cerrado)","status":"passed","title":"sin onAdd no muestra el botón «Añadir» (caso cerrado)","duration":2.3631000000000313,"failureMessages":[],"meta":{},"tags":[]},{"ancestorTitles":["SatelliteList"],"fullName":"SatelliteList en la tarjeta móvil, un campo sin valor no pinta ningún separador huérfano","status":"passed","title":"en la tarjeta móvil, un campo sin valor no pinta ningún separador huérfano","duration":30.257499999999936,"failureMessages":[],"meta":{},"tags":[]}],"startTime":1789046480641,"endTime":1789046480739.2576,"status":"passed","message":"","name":"C:/Users/die_g/Documents/Projects/esavi-app/esavi-frontend/src/shared/components/SatelliteList.test.tsx"},{"assertionResults":[{"ancestorTitles":["SearchableSelect"],"fullName":"SearchableSelect no monta el listado entero antes del mínimo, y filtra con el teclado una vez alcanzado","status":"passed","title":"no monta el listado entero antes del mínimo, y filtra con el teclado una vez alcanzado","duration":36118.543,"failureMessages":[],"meta":{},"tags":[]},{"ancestorTitles":["SearchableSelect"],"fullName":"SearchableSelect el desplegable deshabilitado muestra su explicación en vez de abrirse vacío","status":"passed","title":"el desplegable deshabilitado muestra su explicación en vez de abrirse vacío","duration":14.76770000000397,"failureMessages":[],"meta":{},"tags":[]}],"startTime":1789046066891,"endTime":1789046103023.7676,"status":"passed","message":"","name":"C:/Users/die_g/Documents/Projects/esavi-app/esavi-frontend/src/shared/components/SearchableSelect.test.tsx"},{"assertionResults":[{"ancestorTitles":["TermSearchField"],"fullName":"TermSearchField es un combobox con teclado completo","status":"passed","title":"es un combobox con teclado completo","duration":64.67060000000015,"failureMessages":[],"meta":{},"tags":[]},{"ancestorTitles":["TermSearchField"],"fullName":"TermSearchField seleccionar una sugerencia con el mouse llama a onSelect y cierra el panel","status":"passed","title":"seleccionar una sugerencia con el mouse llama a onSelect y cierra el panel","duration":4596.5036,"failureMessages":[],"meta":{},"tags":[]},{"ancestorTitles":["TermSearchField"],"fullName":"TermSearchField ArrowDown y Enter seleccionan la sugerencia resaltada","status":"passed","title":"ArrowDown y Enter seleccionan la sugerencia resaltada","duration":20034.3337,"failureMessages":[],"meta":{},"tags":[]},{"ancestorTitles":["TermSearchField"],"fullName":"TermSearchField Escape cierra el panel","status":"passed","title":"Escape cierra el panel","duration":33067.524000000005,"failureMessages":[],"meta":{},"tags":[]},{"ancestorTitles":["TermSearchField"],"fullName":"TermSearchField con menos caracteres que el mínimo no muestra resultados ni pide más","status":"passed","title":"con menos caracteres que el mínimo no muestra resultados ni pide más","duration":31991.577000000005,"failureMessages":[],"meta":{},"tags":[]},{"ancestorTitles":["TermSearchField"],"fullName":"TermSearchField avisa cuando count === limit","status":"passed","title":"avisa cuando count === limit","duration":32626.95660000002,"failureMessages":[],"meta":{},"tags":[]},{"ancestorTitles":["TermSearchField"],"fullName":"TermSearchField en sólo lectura muestra la acción «quitar» y no abre el panel","status":"passed","title":"en sólo lectura muestra la acción «quitar» y no abre el panel","duration":23806.099799999996,"failureMessages":[],"meta":{},"tags":[]}],"startTime":1789046104319,"endTime":1789046288174.0999,"status":"passed","message":"","name":"C:/Users/die_g/Documents/Projects/esavi-app/esavi-frontend/src/shared/components/TermSearchField.test.tsx"},{"assertionResults":[{"ancestorTitles":["TimeField"],"fullName":"TimeField acepta 08:30","status":"passed","title":"acepta 08:30","duration":33.72220000000004,"failureMessages":[],"meta":{},"tags":[]},{"ancestorTitles":["TimeField"],"fullName":"TimeField rechaza 25:00","status":"passed","title":"rechaza 25:00","duration":5.542400000000043,"failureMessages":[],"meta":{},"tags":[]},{"ancestorTitles":["TimeField"],"fullName":"TimeField muestra 08:30:00 que venga del servidor sin perderlo","status":"passed","title":"muestra 08:30:00 que venga del servidor sin perderlo","duration":2.2800000000000864,"failureMessages":[],"meta":{},"tags":[]},{"ancestorTitles":["TimeField"],"fullName":"TimeField vaciar el campo emite null","status":"passed","title":"vaciar el campo emite null","duration":3.2736999999999625,"failureMessages":[],"meta":{},"tags":[]}],"startTime":1789046487528,"endTime":1789046487573.2737,"status":"passed","message":"","name":"C:/Users/die_g/Documents/Projects/esavi-app/esavi-frontend/src/shared/components/TimeField.test.tsx"},{"assertionResults":[{"ancestorTitles":["WhodrugProductSearchField"],"fullName":"WhodrugProductSearchField con dos caracteres no llama a onQueryChange (mínimo de WHODPROD-006 es 3)","status":"passed","title":"con dos caracteres no llama a onQueryChange (mínimo de WHODPROD-006 es 3)","duration":31621.6066,"failureMessages":[],"meta":{},"tags":[]},{"ancestorTitles":["WhodrugProductSearchField"],"fullName":"WhodrugProductSearchField con tres caracteres llama a onQueryChange tras el rebote de 300ms","status":"passed","title":"con tres caracteres llama a onQueryChange tras el rebote de 300ms","duration":36080.293099999995,"failureMessages":[],"meta":{},"tags":[]},{"ancestorTitles":["WhodrugProductSearchField"],"fullName":"WhodrugProductSearchField con un 503 del espejo sigue aceptando texto y muestra su estado de servicio, no \"no hay resultados\"","status":"passed","title":"con un 503 del espejo sigue aceptando texto y muestra su estado de servicio, no \"no hay resultados\"","duration":6623.13979999999,"failureMessages":[],"meta":{},"tags":[]}],"startTime":1789045782183,"endTime":1789045856508.14,"status":"passed","message":"","name":"C:/Users/die_g/Documents/Projects/esavi-app/esavi-frontend/src/shared/components/WhodrugProductSearchField.test.tsx"},{"assertionResults":[{"ancestorTitles":["WhodrugTreePicker"],"fullName":"WhodrugTreePicker una opción con matchCount === 1 en el nivel 1 resuelve el id sin dibujar los niveles restantes","status":"passed","title":"una opción con matchCount === 1 en el nivel 1 resuelve el id sin dibujar los niveles restantes","duration":38296.3868,"failureMessages":[],"meta":{},"tags":[]},{"ancestorTitles":["WhodrugTreePicker"],"fullName":"WhodrugTreePicker una opción value:null se muestra \"sin especificar\" y cambiar el nivel 1 vacía los niveles inferiores","status":"passed","title":"una opción value:null se muestra \"sin especificar\" y cambiar el nivel 1 vacía los niveles inferiores","duration":132296.55000000002,"failureMessages":[],"meta":{},"tags":[]},{"ancestorTitles":["WhodrugTreePicker"],"fullName":"WhodrugTreePicker con el diccionario sin importar, el árbol sale deshabilitado con su explicación","status":"passed","title":"con el diccionario sin importar, el árbol sale deshabilitado con su explicación","duration":56.62510000000475,"failureMessages":[],"meta":{},"tags":[]}],"startTime":1789017189409,"endTime":1789017360058.625,"status":"passed","message":"","name":"C:/Users/die_g/Documents/Projects/esavi-app/esavi-frontend/src/shared/components/WhodrugTreePicker.test.tsx"},{"assertionResults":[{"ancestorTitles":["useCan"],"fullName":"useCan devuelve true cuando el nivel efectivo alcanza el mínimo pedido","status":"passed","title":"devuelve true cuando el nivel efectivo alcanza el mínimo pedido","duration":93.86379999999986,"failureMessages":[],"meta":{},"tags":[]},{"ancestorTitles":["useCan"],"fullName":"useCan devuelve false cuando el nivel efectivo no alcanza el mínimo pedido","status":"passed","title":"devuelve false cuando el nivel efectivo no alcanza el mínimo pedido","duration":90.84770000000003,"failureMessages":[],"meta":{},"tags":[]},{"ancestorTitles":["useCan"],"fullName":"useCan devuelve false sin sesión, sin llamar a la red","status":"passed","title":"devuelve false sin sesión, sin llamar a la red","duration":2.203399999999874,"failureMessages":[],"meta":{},"tags":[]}],"startTime":1789046460672,"endTime":1789046460859.2034,"status":"passed","message":"","name":"C:/Users/die_g/Documents/Projects/esavi-app/esavi-frontend/src/shared/hooks/useCan.test.tsx"},{"assertionResults":[{"ancestorTitles":["useSystemConfigByCode — ESAVI-SYSCONF-006"],"fullName":"useSystemConfigByCode — ESAVI-SYSCONF-006 con la fila presente, devuelve el `catalogItemId` guardado en `value`","status":"passed","title":"con la fila presente, devuelve el `catalogItemId` guardado en `value`","duration":96.1277,"failureMessages":[],"meta":{},"tags":[]},{"ancestorTitles":["useSystemConfigByCode — ESAVI-SYSCONF-006"],"fullName":"useSystemConfigByCode — ESAVI-SYSCONF-006 con la fila ausente (404), resuelve a `null` sin propagar un error","status":"passed","title":"con la fila ausente (404), resuelve a `null` sin propagar un error","duration":75.63400000000001,"failureMessages":[],"meta":{},"tags":[]},{"ancestorTitles":["useSystemConfigByCode — ESAVI-SYSCONF-006"],"fullName":"useSystemConfigByCode — ESAVI-SYSCONF-006 con un 500, propaga el error en vez de tratarlo como «no sembrada»","status":"passed","title":"con un 500, propaga el error en vez de tratarlo como «no sembrada»","duration":61.33100000000013,"failureMessages":[],"meta":{},"tags":[]},{"ancestorTitles":["useSystemConfigByCode — ESAVI-SYSCONF-006"],"fullName":"useSystemConfigByCode — ESAVI-SYSCONF-006 una segunda montura dentro de la ventana de `staleTime` no repite la petición","status":"passed","title":"una segunda montura dentro de la ventana de `staleTime` no repite la petición","duration":93.84220000000005,"failureMessages":[],"meta":{},"tags":[]}],"startTime":1789046459284,"endTime":1789046459610.8423,"status":"passed","message":"","name":"C:/Users/die_g/Documents/Projects/esavi-app/esavi-frontend/src/shared/hooks/useSystemConfigByCode.test.tsx"},{"assertionResults":[{"ancestorTitles":["draftsStore"],"fullName":"draftsStore set followed by clear leaves get undefined","status":"passed","title":"set followed by clear leaves get undefined","duration":2.3922000000000025,"failureMessages":[],"meta":{},"tags":[]},{"ancestorTitles":["draftsStore"],"fullName":"draftsStore does not clash between two different caseId","status":"passed","title":"does not clash between two different caseId","duration":0.4189000000000078,"failureMessages":[],"meta":{},"tags":[]},{"ancestorTitles":["draftsStore"],"fullName":"draftsStore clearing an unset caseId does not throw","status":"passed","title":"clearing an unset caseId does not throw","duration":0.7340000000000373,"failureMessages":[],"meta":{},"tags":[]},{"ancestorTitles":["draftsStore"],"fullName":"draftsStore set carries baseUpdatedAt and a savedAt timestamp","status":"passed","title":"set carries baseUpdatedAt and a savedAt timestamp","duration":0.3745999999999867,"failureMessages":[],"meta":{},"tags":[]},{"ancestorTitles":["draftsStore"],"fullName":"draftsStore clearAll empties every caseId and removes the localStorage key (SPEC FE12a §3.4)","status":"passed","title":"clearAll empties every caseId and removes the localStorage key (SPEC FE12a §3.4)","duration":0.519800000000032,"failureMessages":[],"meta":{},"tags":[]},{"ancestorTitles":["draftsStore","resolveDraftConflict — la tabla de §3.4"],"fullName":"draftsStore resolveDraftConflict — la tabla de §3.4 sin borrador, se usa la fila","status":"passed","title":"sin borrador, se usa la fila","duration":0.17590000000006967,"failureMessages":[],"meta":{},"tags":[]},{"ancestorTitles":["draftsStore","resolveDraftConflict — la tabla de §3.4"],"fullName":"draftsStore resolveDraftConflict — la tabla de §3.4 con borrador y baseUpdatedAt igual al updatedAt de la fila, se restaura","status":"passed","title":"con borrador y baseUpdatedAt igual al updatedAt de la fila, se restaura","duration":0.12610000000006494,"failureMessages":[],"meta":{},"tags":[]},{"ancestorTitles":["draftsStore","resolveDraftConflict — la tabla de §3.4"],"fullName":"draftsStore resolveDraftConflict — la tabla de §3.4 con borrador y updatedAt de la fila distinto, gana la fila","status":"passed","title":"con borrador y updatedAt de la fila distinto, gana la fila","duration":0.1611000000000331,"failureMessages":[],"meta":{},"tags":[]},{"ancestorTitles":["draftsStore","resolveDraftConflict — la tabla de §3.4"],"fullName":"draftsStore resolveDraftConflict — la tabla de §3.4 con borrador sin fila (baseUpdatedAt null) y ahora existe fila, gana la fila","status":"passed","title":"con borrador sin fila (baseUpdatedAt null) y ahora existe fila, gana la fila","duration":0.4012000000000171,"failureMessages":[],"meta":{},"tags":[]},{"ancestorTitles":["draftsStore","resolveDraftConflict — la tabla de §3.4"],"fullName":"draftsStore resolveDraftConflict — la tabla de §3.4 con borrador sin fila y sigue sin fila, se restaura","status":"passed","title":"con borrador sin fila y sigue sin fila, se restaura","duration":0.2522999999999911,"failureMessages":[],"meta":{},"tags":[]}],"startTime":1789046496659,"endTime":1789046496664.4011,"status":"passed","message":"","name":"C:/Users/die_g/Documents/Projects/esavi-app/esavi-frontend/src/shared/stores/draftsStore.test.ts"},{"assertionResults":[{"ancestorTitles":["useCaseWorkflow — ESAVI-CASEFLOW-006"],"fullName":"useCaseWorkflow — ESAVI-CASEFLOW-006 devuelve stages tal como los sirve el mock","status":"passed","title":"devuelve stages tal como los sirve el mock","duration":88.35009999999988,"failureMessages":[],"meta":{},"tags":[]},{"ancestorTitles":["useCompleteStage — ESAVI-CASEFLOW-007"],"fullName":"useCompleteStage — ESAVI-CASEFLOW-007 invalida el workflow y el siguiente useCaseWorkflow refetch","status":"passed","title":"invalida el workflow y el siguiente useCaseWorkflow refetch","duration":170.2208999999998,"failureMessages":[],"meta":{},"tags":[]},{"ancestorTitles":["useCaseWorkflowList"],"fullName":"useCaseWorkflowList con nivel USER e includeInactive:true, pega a /case-workflows (no al admin)","status":"passed","title":"con nivel USER e includeInactive:true, pega a /case-workflows (no al admin)","duration":78.58259999999996,"failureMessages":[],"meta":{},"tags":[]},{"ancestorTitles":["useCaseWorkflowList"],"fullName":"useCaseWorkflowList con nivel ADMIN e includeInactive:true, pega a /case-workflows/admin","status":"passed","title":"con nivel ADMIN e includeInactive:true, pega a /case-workflows/admin","duration":76.67650000000003,"failureMessages":[],"meta":{},"tags":[]},{"ancestorTitles":["useCaseWorkflowList"],"fullName":"useCaseWorkflowList los tres filtros de la bandeja viajan como query params","status":"passed","title":"los tres filtros de la bandeja viajan como query params","duration":76.7228,"failureMessages":[],"meta":{},"tags":[]},{"ancestorTitles":["useCaseWorkflowList"],"fullName":"useCaseWorkflowList la clave de caché cambia cuando cambia cualquiera de los filtros","status":"passed","title":"la clave de caché cambia cuando cambia cualquiera de los filtros","duration":156.91059999999993,"failureMessages":[],"meta":{},"tags":[]}],"startTime":1789046433411,"endTime":1789046434057.9106,"status":"passed","message":"","name":"C:/Users/die_g/Documents/Projects/esavi-app/esavi-frontend/src/features/caseWorkflow/api.test.tsx"},{"assertionResults":[{"ancestorTitles":["ChangePasswordDialog"],"fullName":"ChangePasswordDialog está cerrado hasta que se abre desde el disparador","status":"passed","title":"está cerrado hasta que se abre desde el disparador","duration":111.6742999999999,"failureMessages":[],"meta":{},"tags":[]},{"ancestorTitles":["ChangePasswordDialog"],"fullName":"ChangePasswordDialog se cierra al presionar Escape (es descartable)","status":"passed","title":"se cierra al presionar Escape (es descartable)","duration":62.19270000000006,"failureMessages":[],"meta":{},"tags":[]},{"ancestorTitles":["ChangePasswordDialog"],"fullName":"ChangePasswordDialog se cierra tras un cambio exitoso","status":"passed","title":"se cierra tras un cambio exitoso","duration":141.44049999999993,"failureMessages":[],"meta":{},"tags":[]}],"startTime":1789046465869,"endTime":1789046466184.4404,"status":"passed","message":"","name":"C:/Users/die_g/Documents/Projects/esavi-app/esavi-frontend/src/features/auth/ChangePasswordDialog.test.tsx"},{"assertionResults":[{"ancestorTitles":["ForgotPasswordPage"],"fullName":"ForgotPasswordPage shows the same success screen for an email that exists","status":"passed","title":"shows the same success screen for an email that exists","duration":154.10930000000008,"failureMessages":[],"meta":{},"tags":[]},{"ancestorTitles":["ForgotPasswordPage"],"fullName":"ForgotPasswordPage shows the same success screen for an email that does not exist","status":"passed","title":"shows the same success screen for an email that does not exist","duration":45.80749999999989,"failureMessages":[],"meta":{},"tags":[]}],"startTime":1789046467653,"endTime":1789046467852.8076,"status":"passed","message":"","name":"C:/Users/die_g/Documents/Projects/esavi-app/esavi-frontend/src/features/auth/ForgotPasswordPage.test.tsx"},{"assertionResults":[{"ancestorTitles":["LoginPage"],"fullName":"LoginPage logs in with valid credentials and lands on /","status":"passed","title":"logs in with valid credentials and lands on /","duration":181.56150000000002,"failureMessages":[],"meta":{},"tags":[]},{"ancestorTitles":["LoginPage"],"fullName":"LoginPage returns to the pretended route after logging in","status":"passed","title":"returns to the pretended route after logging in","duration":76.15070000000014,"failureMessages":[],"meta":{},"tags":[]},{"ancestorTitles":["LoginPage"],"fullName":"LoginPage shows the error under the form on invalid credentials, without naming which field failed","status":"passed","title":"shows the error under the form on invalid credentials, without naming which field failed","duration":66.04149999999981,"failureMessages":[],"meta":{},"tags":[]},{"ancestorTitles":["LoginPage"],"fullName":"LoginPage redirects away from /login when a session already exists","status":"passed","title":"redirects away from /login when a session already exists","duration":28.975200000000086,"failureMessages":[],"meta":{},"tags":[]}],"startTime":1789046428490,"endTime":1789046428842.975,"status":"passed","message":"","name":"C:/Users/die_g/Documents/Projects/esavi-app/esavi-frontend/src/features/auth/LoginPage.test.tsx"},{"assertionResults":[{"ancestorTitles":["RequiredPasswordChangeDialog"],"fullName":"RequiredPasswordChangeDialog no aparece cuando requiresPasswordChange es false","status":"passed","title":"no aparece cuando requiresPasswordChange es false","duration":52.97630000000004,"failureMessages":[],"meta":{},"tags":[]},{"ancestorTitles":["RequiredPasswordChangeDialog"],"fullName":"RequiredPasswordChangeDialog aparece sin botón de cerrar y no se cierra con Escape","status":"passed","title":"aparece sin botón de cerrar y no se cierra con Escape","duration":95.93540000000007,"failureMessages":[],"meta":{},"tags":[]},{"ancestorTitles":["RequiredPasswordChangeDialog"],"fullName":"RequiredPasswordChangeDialog se cierra sola cuando el PATCH invalida ['user','me'] y éste vuelve con requiresPasswordChange en false — sin ningún setOpen","status":"passed","title":"se cierra sola cuando el PATCH invalida ['user','me'] y éste vuelve con requiresPasswordChange en false — sin ningún setOpen","duration":151.73509999999987,"failureMessages":[],"meta":{},"tags":[]},{"ancestorTitles":["RequiredPasswordChangeDialog"],"fullName":"RequiredPasswordChangeDialog USER_006_SAME_PASSWORD muestra el error bajo newPassword","status":"passed","title":"USER_006_SAME_PASSWORD muestra el error bajo newPassword","duration":97.32940000000008,"failureMessages":[],"meta":{},"tags":[]}],"startTime":1789046446877,"endTime":1789046447274.3293,"status":"passed","message":"","name":"C:/Users/die_g/Documents/Projects/esavi-app/esavi-frontend/src/features/auth/RequiredPasswordChangeDialog.test.tsx"},{"assertionResults":[{"ancestorTitles":["ResetPasswordPage"],"fullName":"ResetPasswordPage shows the invalid-link state without ?token=, with a way to /forgot-password","status":"passed","title":"shows the invalid-link state without ?token=, with a way to /forgot-password","duration":89.80280000000016,"failureMessages":[],"meta":{},"tags":[]},{"ancestorTitles":["ResetPasswordPage"],"fullName":"ResetPasswordPage resets the password with a valid token and shows the success state","status":"passed","title":"resets the password with a valid token and shows the success state","duration":97.98199999999997,"failureMessages":[],"meta":{},"tags":[]},{"ancestorTitles":["ResetPasswordPage"],"fullName":"ResetPasswordPage shows a mismatch error under confirmPassword when the two passwords differ","status":"passed","title":"shows a mismatch error under confirmPassword when the two passwords differ","duration":58.52359999999999,"failureMessages":[],"meta":{},"tags":[]},{"ancestorTitles":["ResetPasswordPage"],"fullName":"ResetPasswordPage switches to the invalid-link state when the backend rejects with AUTH_007_INVALID_RESET_TOKEN","status":"passed","title":"switches to the invalid-link state when the backend rejects with AUTH_007_INVALID_RESET_TOKEN","duration":47.479699999999866,"failureMessages":[],"meta":{},"tags":[]},{"ancestorTitles":["ResetPasswordPage"],"fullName":"ResetPasswordPage switches to the invalid-link state when the backend rejects with AUTH_007_RESET_TOKEN_USED","status":"passed","title":"switches to the invalid-link state when the backend rejects with AUTH_007_RESET_TOKEN_USED","duration":46.90300000000002,"failureMessages":[],"meta":{},"tags":[]},{"ancestorTitles":["ResetPasswordPage"],"fullName":"ResetPasswordPage switches to the invalid-link state when the backend rejects with AUTH_007_RESET_TOKEN_INVALIDATED","status":"passed","title":"switches to the invalid-link state when the backend rejects with AUTH_007_RESET_TOKEN_INVALIDATED","duration":47.465200000000095,"failureMessages":[],"meta":{},"tags":[]},{"ancestorTitles":["ResetPasswordPage"],"fullName":"ResetPasswordPage switches to the invalid-link state when the backend rejects with AUTH_007_RESET_TOKEN_EXPIRED","status":"passed","title":"switches to the invalid-link state when the backend rejects with AUTH_007_RESET_TOKEN_EXPIRED","duration":61.52610000000004,"failureMessages":[],"meta":{},"tags":[]}],"startTime":1789046450274,"endTime":1789046450723.5261,"status":"passed","message":"","name":"C:/Users/die_g/Documents/Projects/esavi-app/esavi-frontend/src/features/auth/ResetPasswordPage.test.tsx"},{"assertionResults":[{"ancestorTitles":["catalogItemResource — useListByParent"],"fullName":"catalogItemResource — useListByParent page: 2, pageSize: 25, includeInactive: false pega a /catalog-items/type/:id?limit=25&offset=25","status":"passed","title":"page: 2, pageSize: 25, includeInactive: false pega a /catalog-items/type/:id?limit=25&offset=25","duration":94.02020000000016,"failureMessages":[],"meta":{},"tags":[]},{"ancestorTitles":["catalogItemResource — useListByParent"],"fullName":"catalogItemResource — useListByParent includeInactive: true con nivel ADMIN pega a /catalog-items/admin/type/:id","status":"passed","title":"includeInactive: true con nivel ADMIN pega a /catalog-items/admin/type/:id","duration":76.49189999999999,"failureMessages":[],"meta":{},"tags":[]},{"ancestorTitles":["catalogItemResource — useListByParent"],"fullName":"catalogItemResource — useListByParent includeInactive: true con nivel USER vuelve a la ruta pública, no a /admin","status":"passed","title":"includeInactive: true con nivel USER vuelve a la ruta pública, no a /admin","duration":77.05880000000002,"failureMessages":[],"meta":{},"tags":[]}],"startTime":1789046477919,"endTime":1789046478166.0588,"status":"passed","message":"","name":"C:/Users/die_g/Documents/Projects/esavi-app/esavi-frontend/src/features/catalogItem/api.test.tsx"},{"assertionResults":[{"ancestorTitles":["CatalogItemAuditSheet"],"fullName":"CatalogItemAuditSheet abre con una fila de varias entradas de appDetails","status":"passed","title":"abre con una fila de varias entradas de appDetails","duration":154.5244,"failureMessages":[],"meta":{},"tags":[]},{"ancestorTitles":["CatalogItemAuditSheet"],"fullName":"CatalogItemAuditSheet con appDetails: null no revienta y muestra el estado vacío","status":"passed","title":"con appDetails: null no revienta y muestra el estado vacío","duration":22.853200000000015,"failureMessages":[],"meta":{},"tags":[]}],"startTime":1789046454883,"endTime":1789046455060.8533,"status":"passed","message":"","name":"C:/Users/die_g/Documents/Projects/esavi-app/esavi-frontend/src/features/catalogItem/CatalogItemAuditSheet.test.tsx"},{"assertionResults":[{"ancestorTitles":["CatalogItemFormDialog — crear"],"fullName":"CatalogItemFormDialog — crear un 409 con CATITEM_001_CODE_EXISTS marca el campo code y no abre un toast","status":"passed","title":"un 409 con CATITEM_001_CODE_EXISTS marca el campo code y no abre un toast","duration":292.1458,"failureMessages":[],"meta":{},"tags":[]},{"ancestorTitles":["CatalogItemFormDialog — editar, fila congelada (isValueLocked)"],"fullName":"CatalogItemFormDialog — editar, fila congelada (isValueLocked) el input de value está deshabilitado, el texto de ayuda es visible, y el PUT no lleva value","status":"passed","title":"el input de value está deshabilitado, el texto de ayuda es visible, y el PUT no lleva value","duration":103.37889999999993,"failureMessages":[],"meta":{},"tags":[]},{"ancestorTitles":["CatalogItemFormDialog — editar, fila no congelada"],"fullName":"CatalogItemFormDialog — editar, fila no congelada el mismo PUT sí envía value","status":"passed","title":"el mismo PUT sí envía value","duration":77.24189999999999,"failureMessages":[],"meta":{},"tags":[]}],"startTime":1789046403432,"endTime":1789046403905.242,"status":"passed","message":"","name":"C:/Users/die_g/Documents/Projects/esavi-app/esavi-frontend/src/features/catalogItem/CatalogItemFormDialog.test.tsx"},{"assertionResults":[{"ancestorTitles":["CatalogItemListPage — sin typeId"],"fullName":"CatalogItemListPage — sin typeId no monta la tabla ni pide /api/catalog-items/type/:id","status":"passed","title":"no monta la tabla ni pide /api/catalog-items/type/:id","duration":76.15650000000005,"failureMessages":[],"meta":{},"tags":[]},{"ancestorTitles":["CatalogItemListPage — elegir un tipo"],"fullName":"CatalogItemListPage — elegir un tipo monta la tabla y pega a /catalog-items/type/:id","status":"passed","title":"monta la tabla y pega a /catalog-items/type/:id","duration":264.9785999999999,"failureMessages":[],"meta":{},"tags":[]},{"ancestorTitles":["CatalogItemListPage — typeId desconocido"],"fullName":"CatalogItemListPage — typeId desconocido pinta unknownType, no una tabla vacía, y no pide /api/catalog-items/type/:id","status":"passed","title":"pinta unknownType, no una tabla vacía, y no pide /api/catalog-items/type/:id","duration":30.8420000000001,"failureMessages":[],"meta":{},"tags":[]},{"ancestorTitles":["CatalogItemListPage — cambio de tipo resetea page"],"fullName":"CatalogItemListPage — cambio de tipo resetea page cambiar de tipo estando en page=3 deja la URL en page=1","status":"passed","title":"cambiar de tipo estando en page=3 deja la URL en page=1","duration":221.04480000000012,"failureMessages":[],"meta":{},"tags":[]},{"ancestorTitles":["CatalogItemListPage — persistencia en la URL"],"fullName":"CatalogItemListPage — persistencia en la URL ?typeId=<id>&page=2 reproduce la misma vista tras un refresco","status":"passed","title":"?typeId
[...]
ullName":"notificationPregnancyCreateSchema / notificationPregnancyUpdateSchema (SPEC FE12d §3.5) la edición admite wasPregnantAtVaccination en null — retirar una respuesta dada por error","status":"passed","title":"la edición admite wasPregnantAtVaccination en null — retirar una respuesta dada por error","duration":0.37229999999999563,"failureMessages":[],"meta":{},"tags":[]},{"ancestorTitles":["notificationPregnancyCreateSchema / notificationPregnancyUpdateSchema (SPEC FE12d §3.5)"],"fullName":"notificationPregnancyCreateSchema / notificationPregnancyUpdateSchema (SPEC FE12d §3.5) las dos variantes rechazan un rango gestacional fuera de 266–294 días","status":"passed","title":"las dos variantes rechazan un rango gestacional fuera de 266–294 días","duration":0.23710000000005493,"failureMessages":[],"meta":{},"tags":[]},{"ancestorTitles":["notificationPregnancyCreateSchema / notificationPregnancyUpdateSchema (SPEC FE12d §3.5)"],"fullName":"notificationPregnancyCreateSchema / notificationPregnancyUpdateSchema (SPEC FE12d §3.5) sin ninguna de las dos fechas de gestación, ninguna variante rechaza el resto","status":"passed","title":"sin ninguna de las dos fechas de gestación, ninguna variante rechaza el resto","duration":0.07780000000002474,"failureMessages":[],"meta":{},"tags":[]},{"ancestorTitles":["notificationPregnancyComplicationSchema (SPEC FE12d §3.5)"],"fullName":"notificationPregnancyComplicationSchema (SPEC FE12d §3.5) exige complicationTypeItemId y complicationName","status":"passed","title":"exige complicationTypeItemId y complicationName","duration":0.6763999999999442,"failureMessages":[],"meta":{},"tags":[]},{"ancestorTitles":["notificationPregnancyComplicationSchema (SPEC FE12d §3.5)"],"fullName":"notificationPregnancyComplicationSchema (SPEC FE12d §3.5) con los dos obligatorios presentes, pasa sin complicationCode ni source","status":"passed","title":"con los dos obligatorios presentes, pasa sin complicationCode ni source","duration":0.1189000000000533,"failureMessages":[],"meta":{},"tags":[]},{"ancestorTitles":["notificationMedicalHistorySchema (SPEC FE12e §3.5)"],"fullName":"notificationMedicalHistorySchema (SPEC FE12e §3.5) exige historyName y rechaza un nombre de solo espacios","status":"passed","title":"exige historyName y rechaza un nombre de solo espacios","duration":0.42420000000004165,"failureMessages":[],"meta":{},"tags":[]},{"ancestorTitles":["notificationMedicalHistorySchema (SPEC FE12e §3.5)"],"fullName":"notificationMedicalHistorySchema (SPEC FE12e §3.5) rechaza un historyName de 501 caracteres y admite uno de 500","status":"passed","title":"rechaza un historyName de 501 caracteres y admite uno de 500","duration":0.26509999999996126,"failureMessages":[],"meta":{},"tags":[]},{"ancestorTitles":["notificationMedicalHistorySchema (SPEC FE12e §3.5)"],"fullName":"notificationMedicalHistorySchema (SPEC FE12e §3.5) rechaza un historyCode de 101 caracteres y pasa sin historyCode ni source","status":"passed","title":"rechaza un historyCode de 101 caracteres y pasa sin historyCode ni source","duration":0.1673000000000684,"failureMessages":[],"meta":{},"tags":[]},{"ancestorTitles":["notificationMedicalHistorySchema (SPEC FE12e §3.5)"],"fullName":"notificationMedicalHistorySchema (SPEC FE12e §3.5) acepta notes en null en las dos variantes","status":"passed","title":"acepta notes en null en las dos variantes","duration":0.3707000000000562,"failureMessages":[],"meta":{},"tags":[]},{"ancestorTitles":["notificationMedicalHistorySchema (SPEC FE12e §3.5)"],"fullName":"notificationMedicalHistorySchema (SPEC FE12e §3.5) la variante de edición admite historyName ausente y rechaza un null explícito","status":"passed","title":"la variante de edición admite historyName ausente y rechaza un null explícito","duration":0.15359999999998308,"failureMessages":[],"meta":{},"tags":[]}],"startTime":1789046489596,"endTime":1789046489629.3706,"status":"passed","message":"","name":"C:/Users/die_g/Documents/Projects/esavi-app/esavi-frontend/src/features/notification/schemas.test.ts"},{"assertionResults":[{"ancestorTitles":["VaccineFormDialog — SPEC FE12c §4 paso 8"],"fullName":"VaccineFormDialog — SPEC FE12c §4 paso 8 editar abre sobre la fila de la caché de la lista, sin pedir su propio detalle (003)","status":"passed","title":"editar abre sobre la fila de la caché de la lista, sin pedir su propio detalle (003)","duration":166.5864999999999,"failureMessages":[],"meta":{},"tags":[]},{"ancestorTitles":["VaccineFormDialog — SPEC FE12c §4 paso 8"],"fullName":"VaccineFormDialog — SPEC FE12c §4 paso 8 elegir en el árbol resuelto rellena vaccineCode/vaccineName y muestra whoCode; sobrescribirlo a mano no lo cambia","status":"passed","title":"elegir en el árbol resuelto rellena vaccineCode/vaccineName y muestra whoCode; sobrescribirlo a mano no lo cambia","duration":42571.8933,"failureMessages":[],"meta":{},"tags":[]},{"ancestorTitles":["VaccineFormDialog — SPEC FE12c §4 paso 8"],"fullName":"VaccineFormDialog — SPEC FE12c §4 paso 8 «Asignar sólo la abreviatura» guarda una fila sin FK","status":"passed","title":"«Asignar sólo la abreviatura» guarda una fila sin FK","duration":45782.4694,"failureMessages":[],"meta":{},"tags":[]},{"ancestorTitles":["VaccineFormDialog — SPEC FE12c §4 paso 8"],"fullName":"VaccineFormDialog — SPEC FE12c §4 paso 8 pulsar «Guardar» en la fase 1 habilita los diluyentes sin cerrar el modal","status":"passed","title":"pulsar «Guardar» en la fase 1 habilita los diluyentes sin cerrar el modal","duration":259.3191999999981,"failureMessages":[],"meta":{},"tags":[]},{"ancestorTitles":["VaccineFormDialog — SPEC FE12c §4 paso 8"],"fullName":"VaccineFormDialog — SPEC FE12c §4 paso 8 editar una vacuna existente dispara una sola consulta de diluyentes, y sólo la de esa vacuna","status":"passed","title":"editar una vacuna existente dispara una sola consulta de diluyentes, y sólo la de esa vacuna","duration":121.32110000000102,"failureMessages":[],"meta":{},"tags":[]},{"ancestorTitles":["VaccineFormDialog — SPEC FE12c §4 paso 8"],"fullName":"VaccineFormDialog — SPEC FE12c §4 paso 8 vaccinationDate posterior a eventDate del caso bloquea el guardado con el error de coherencia temporal (§3.5)","status":"passed","title":"vaccinationDate posterior a eventDate del caso bloquea el guardado con el error de coherencia temporal (§3.5)","duration":205.40099999999802,"failureMessages":[],"meta":{},"tags":[]},{"ancestorTitles":["VaccineFormDialog — los diluyentes fuera de la rama no grave (SPEC FE12e §4 paso 9)"],"fullName":"VaccineFormDialog — los diluyentes fuera de la rama no grave (SPEC FE12e §4 paso 9) con showsDiluents en false, la sección no existe y NOTIFDIL no se consulta","status":"passed","title":"con showsDiluents en false, la sección no existe y NOTIFDIL no se consulta","duration":97.95669999999518,"failureMessages":[],"meta":{},"tags":[]}],"startTime":1789017361887,"endTime":1789017451091.9568,"status":"passed","message":"","name":"C:/Users/die_g/Documents/Projects/esavi-app/esavi-frontend/src/features/notification/VaccineFormDialog.test.tsx"},{"assertionResults":[{"ancestorTitles":["VaccineList — SPEC FE12c §4 paso 7"],"fullName":"VaccineList — SPEC FE12c §4 paso 7 sin fila de notification, la sección no está en el DOM","status":"passed","title":"sin fila de notification, la sección no está en el DOM","duration":15.774200000000064,"failureMessages":[],"meta":{},"tags":[]},{"ancestorTitles":["VaccineList — SPEC FE12c §4 paso 7"],"fullName":"VaccineList — SPEC FE12c §4 paso 7 un caso con vacunas cargadas las lista en orden de creación (sortOrder)","status":"passed","title":"un caso con vacunas cargadas las lista en orden de creación (sortOrder)","duration":128.31790000000024,"failureMessages":[],"meta":{},"tags":[]},{"ancestorTitles":["VaccineList — SPEC FE12c §4 paso 7"],"fullName":"VaccineList — SPEC FE12c §4 paso 7 la tarjeta móvil muestra vaccineName, vaccinationDate y doseNumber, y el distintivo de sospechosa aparte","status":"passed","title":"la tarjeta móvil muestra vaccineName, vaccinationDate y doseNumber, y el distintivo de sospechosa aparte","duration":34.422399999999925,"failureMessages":[],"meta":{},"tags":[]},{"ancestorTitles":["VaccineList — SPEC FE12c §4 paso 7"],"fullName":"VaccineList — SPEC FE12c §4 paso 7 dar de baja una vacuna con dos diluyentes advierte nombrándolos, y sólo invalida la clave de diluyentes de esa vacuna","status":"passed","title":"dar de baja una vacuna con dos diluyentes advierte nombrándolos, y sólo invalida la clave de diluyentes de esa vacuna","duration":174.29680000000008,"failureMessages":[],"meta":{},"tags":[]}],"startTime":1789046408216,"endTime":1789046408568.2969,"status":"passed","message":"","name":"C:/Users/die_g/Documents/Projects/esavi-app/esavi-frontend/src/features/notification/VaccineList.test.tsx"},{"assertionResults":[{"ancestorTitles":["useCountryIsoCode — ESAVI-SYSCONF-006"],"fullName":"useCountryIsoCode — ESAVI-SYSCONF-006 con la fila presente, systemConfig gana sobre el respaldo de entorno","status":"passed","title":"con la fila presente, systemConfig gana sobre el respaldo de entorno","duration":98.3451,"failureMessages":[],"meta":{},"tags":[]},{"ancestorTitles":["useCountryIsoCode — ESAVI-SYSCONF-006"],"fullName":"useCountryIsoCode — ESAVI-SYSCONF-006 con la fila ausente (404), cae al respaldo de entorno sin propagar error","status":"passed","title":"con la fila ausente (404), cae al respaldo de entorno sin propagar error","duration":74.35439999999994,"failureMessages":[],"meta":{},"tags":[]},{"ancestorTitles":["useCountryIsoCode — ESAVI-SYSCONF-006"],"fullName":"useCountryIsoCode — ESAVI-SYSCONF-006 con un 500, propaga el error en vez de caer al respaldo","status":"passed","title":"con un 500, propaga el error en vez de caer al respaldo","duration":76.88980000000015,"failureMessages":[],"meta":{},"tags":[]}],"startTime":1789046476545,"endTime":1789046476793.89,"status":"passed","message":"","name":"C:/Users/die_g/Documents/Projects/esavi-app/esavi-frontend/src/features/systemConfig/api.test.tsx"},{"assertionResults":[{"ancestorTitles":["PatientFormDialog — casilla «sin documento» (SPEC FE10 §3.5, §8 paso 8)"],"fullName":"PatientFormDialog — casilla «sin documento» (SPEC FE10 §3.5, §8 paso 8) marcarla deshabilita el campo documento y lo rellena con un PROV-","status":"passed","title":"marcarla deshabilita el campo documento y lo rellena con un PROV-","duration":243.00450000000023,"failureMessages":[],"meta":{},"tags":[]},{"ancestorTitles":["PatientFormDialog — mapeo de errores (SPEC FE10 §3.5)"],"fullName":"PatientFormDialog — mapeo de errores (SPEC FE10 §3.5) un 409 con PATIENT_004_GEOLOC_NOT_FOUND marca residenceGeoLocationId, no un toast","status":"passed","title":"un 409 con PATIENT_004_GEOLOC_NOT_FOUND marca residenceGeoLocationId, no un toast","duration":138.16269999999986,"failureMessages":[],"meta":{},"tags":[]},{"ancestorTitles":["PatientFormDialog — el error de una mutación no sobrevive al cierre (CONVENTIONS.md §10.7)"],"fullName":"PatientFormDialog — el error de una mutación no sobrevive al cierre (CONVENTIONS.md §10.7) un 409 no reaparece al cerrar y reabrir el diálogo","status":"passed","title":"un 409 no reaparece al cerrar y reabrir el diálogo","duration":220.9695999999999,"failureMessages":[],"meta":{},"tags":[]},{"ancestorTitles":["PatientFormDialog — el bloqueo de embarazo del paso 13, sexo y fecha de nacimiento (SPEC FE12d §4 paso 13, §8)"],"fullName":"PatientFormDialog — el bloqueo de embarazo del paso 13, sexo y fecha de nacimiento (SPEC FE12d §4 paso 13, §8) cambiar el sexo a masculino con datos de embarazo cargados no guarda; «Vaciar» lo limpia y entonces sí","status":"passed","title":"cambiar el sexo a masculino con datos de embarazo cargados no guarda; «Vaciar» lo limpia y entonces sí","duration":408.3915000000002,"failureMessages":[],"meta":{},"tags":[]},{"ancestorTitles":["PatientFormDialog — el bloqueo de embarazo del paso 13, sexo y fecha de nacimiento (SPEC FE12d §4 paso 13, §8)"],"fullName":"PatientFormDialog — el bloqueo de embarazo del paso 13, sexo y fecha de nacimiento (SPEC FE12d §4 paso 13, §8) una fecha de nacimiento que deja la edad fuera de 15–49 bloquea igual que el sexo","status":"passed","title":"una fecha de nacimiento que deja la edad fuera de 15–49 bloquea igual que el sexo","duration":289.2926000000002,"failureMessages":[],"meta":{},"tags":[]},{"ancestorTitles":["PatientFormDialog — el bloqueo de embarazo del paso 13, sexo y fecha de nacimiento (SPEC FE12d §4 paso 13, §8)"],"fullName":"PatientFormDialog — el bloqueo de embarazo del paso 13, sexo y fecha de nacimiento (SPEC FE12d §4 paso 13, §8) con complicaciones activas, el diálogo las cuenta, no ofrece vaciar y con USER menciona al administrador","status":"passed","title":"con complicaciones activas, el diálogo las cuenta, no ofrece vaciar y con USER menciona al administrador","duration":431.259,"failureMessages":[],"meta":{},"tags":[]}],"startTime":1789046354645,"endTime":1789046356376.259,"status":"passed","message":"","name":"C:/Users/die_g/Documents/Projects/esavi-app/esavi-frontend/src/features/patient/PatientFormDialog.test.tsx"},{"assertionResults":[{"ancestorTitles":["PatientStep — el alta no se ofrece antes de una búsqueda (SPEC FE10 §5)"],"fullName":"PatientStep — el alta no se ofrece antes de una búsqueda (SPEC FE10 §5) sin buscar, no hay botón «Crear paciente»; tras una búsqueda vacía, aparece","status":"passed","title":"sin buscar, no hay botón «Crear paciente»; tras una búsqueda vacía, aparece","duration":607.2955,"failureMessages":[],"meta":{},"tags":[]},{"ancestorTitles":["PatientStep — pacientes inactivos (SPEC FE10 §5)"],"fullName":"PatientStep — pacientes inactivos (SPEC FE10 §5) count: 0 con inactiveCount: 2 muestra el aviso propio, no el texto de «no existe»","status":"passed","title":"count: 0 con inactiveCount: 2 muestra el aviso propio, no el texto de «no existe»","duration":521.8411000000001,"failureMessages":[],"meta":{},"tags":[]},{"ancestorTitles":["PatientStep — elegir un paciente escribe sólo ?patientId= (SPEC FE10 §5)"],"fullName":"PatientStep — elegir un paciente escribe sólo ?patientId= (SPEC FE10 §5) el término tecleado no aparece en la URL","status":"passed","title":"el término tecleado no aparece en la URL","duration":566.2027000000003,"failureMessages":[],"meta":{},"tags":[]},{"ancestorTitles":["PatientStep — el 409 de documento duplicado (SPEC FE10 §3.6, §5)"],"fullName":"PatientStep — el 409 de documento duplicado (SPEC FE10 §3.6, §5) dispara 006 y, si encuentra al titular, ofrece usarlo sin repetir el formulario","status":"passed","title":"dispara 006 y, si encuentra al titular, ofrece usarlo sin repetir el formulario","duration":919.46,"failureMessages":[],"meta":{},"tags":[]}],"startTime":1789046358387,"endTime":1789046361002.46,"status":"passed","message":"","name":"C:/Users/die_g/Documents/Projects/esavi-app/esavi-frontend/src/features/patient/PatientStep.test.tsx"},{"assertionResults":[{"ancestorTitles":["generateProvisionalDocument"],"fullName":"generateProvisionalDocument mil identificadores generados no contienen I, L, O ni U en su sufijo aleatorio","status":"passed","title":"mil identificadores generados no contienen I, L, O ni U en su sufijo aleatorio","duration":15.2029,"failureMessages":[],"meta":{},"tags":[]},{"ancestorTitles":["generateProvisionalDocument"],"fullName":"generateProvisionalDocument tiene el formato PROV-YYYYMMDD-XXXX","status":"passed","title":"tiene el formato PROV-YYYYMMDD-XXXX","duration":0.2504999999999882,"failureMessages":[],"meta":{},"tags":[]},{"ancestorTitles":["generateProvisionalDocument"],"fullName":"generateProvisionalDocument el formato sobrevive a trim().toUpperCase() sin cambiar","status":"passed","title":"el formato sobrevive a trim().toUpperCase() sin cambiar","duration":0.20330000000001291,"failureMessages":[],"meta":{},"tags":[]},{"ancestorTitles":["generateProvisionalDocument"],"fullName":"generateProvisionalDocument isProvisionalDocumentNumber reconoce un PROV- generado y rechaza un documento normal","status":"passed","title":"isProvisionalDocumentNumber reconoce un PROV- generado y rechaza un documento normal","duration":0.24729999999999563,"failureMessages":[],"meta":{},"tags":[]},{"ancestorTitles":["createWithProvisionalDocumentRetry"],"fullName":"createWithProvisionalDocumentRetry el primer intento reutiliza exactamente el initialDocumentNumber","status":"passed","title":"el primer intento reutiliza exactamente el initialDocumentNumber","duration":1.612700000000018,"failureMessages":[],"meta":{},"tags":[]},{"ancestorTitles":["createWithProvisionalDocumentRetry"],"fullName":"createWithProvisionalDocumentRetry un 409 sobre el PROV- regenera el identificador y reintenta hasta que uno funciona","status":"passed","title":"un 409 sobre el PROV- regenera el identificador y reintenta hasta que uno funciona","duration":0.5249000000000024,"failureMessages":[],"meta":{},"tags":[]},{"ancestorTitles":["createWithProvisionalDocumentRetry"],"fullName":"createWithProvisionalDocumentRetry la función de reintento se agota a las tres","status":"passed","title":"la función de reintento se agota a las tres","duration":1.245800000000031,"failureMessages":[],"meta":{},"tags":[]},{"ancestorTitles":["createWithProvisionalDocumentRetry"],"fullName":"createWithProvisionalDocumentRetry un error que no es colisión se propaga sin reintentar","status":"passed","title":"un error que no es colisión se propaga sin reintentar","duration":0.32960000000002765,"failureMessages":[],"meta":{},"tags":[]}],"startTime":1789046492296,"endTime":1789046492316.3296,"status":"passed","message":"","name":"C:/Users/die_g/Documents/Projects/esavi-app/esavi-frontend/src/features/patient/provisionalDocument.test.ts"},{"assertionResults":[{"ancestorTitles":["SelectTrigger — clearable"],"fullName":"SelectTrigger — clearable sin valor seleccionado, el trigger lleva data-placeholder y la \"×\" lleva la clase que la oculta","status":"passed","title":"sin valor seleccionado, el trigger lleva data-placeholder y la \"×\" lleva la clase que la oculta","duration":89.16719999999987,"failureMessages":[],"meta":{},"tags":[]},{"ancestorTitles":["SelectTrigger — clearable"],"fullName":"SelectTrigger — clearable con valor seleccionado, el trigger no lleva data-placeholder y la \"×\" está en el DOM","status":"passed","title":"con valor seleccionado, el trigger no lleva data-placeholder y la \"×\" está en el DOM","duration":19.08179999999993,"failureMessages":[],"meta":{},"tags":[]},{"ancestorTitles":["SelectTrigger — clearable"],"fullName":"SelectTrigger — clearable pulsar la \"×\" llama a onClear y no abre el desplegable","status":"passed","title":"pulsar la \"×\" llama a onClear y no abre el desplegable","duration":28.489000000000033,"failureMessages":[],"meta":{},"tags":[]},{"ancestorTitles":["SelectTrigger — clearable"],"fullName":"SelectTrigger — clearable con clearable={false} la \"×\" no aparece nunca, aunque haya valor y onClear","status":"passed","title":"con clearable={false} la \"×\" no aparece nunca, aunque haya valor y onClear","duration":12.464199999999892,"failureMessages":[],"meta":{},"tags":[]},{"ancestorTitles":["SelectTrigger — clearable"],"fullName":"SelectTrigger — clearable con disabled la \"×\" no aparece, aunque haya valor y onClear","status":"passed","title":"con disabled la \"×\" no aparece, aunque haya valor y onClear","duration":10.455500000000029,"failureMessages":[],"meta":{},"tags":[]},{"ancestorTitles":["SelectTrigger — clearable"],"fullName":"SelectTrigger — clearable sin onClear, un <Select> se comporta exactamente como antes: sin \"×\"","status":"passed","title":"sin onClear, un <Select> se comporta exactamente como antes: sin \"×\"","duration":10.532400000000052,"failureMessages":[],"meta":{},"tags":[]}],"startTime":1789046469100,"endTime":1789046469270.5325,"status":"passed","message":"","name":"C:/Users/die_g/Documents/Projects/esavi-app/esavi-frontend/src/shared/components/ui/select.test.tsx"}]}